Сборка начата 11.04.2022 16:41:03.
Уровень детализации журнала: Normal.     1>Проект "D:\studing\Основы алгоритмизации и программирования\Лабораторные работы\Lab_08(n)\Lab_08\Dop_1(Zad4_3)\Dop_1(Zad4_3).vcxproj" в узле 2 (целевые объекты Build).
     1>C:\Program Files (x86)\Microsoft Visual Studio\2019\Community\MSBuild\Microsoft\VC\v160\Microsoft.CppBuild.targets(513,5): warning MSB8028: промежуточный каталог (Debug\) содержит файлы, которые используются совместно с другим проектом (Dop_1(Zad4_3).vcxproj).  Это может привести к ошибкам очистки и перестроения.
     1>InitializeBuildStatus:
         Создание "Debug\Dop.tlog\unsuccessfulbuild", так как было задано "AlwaysCreate".
       ClCompile:
         C:\Program Files (x86)\Microsoft Visual Studio\2019\Community\VC\Tools\MSVC\14.29.30133\bin\HostX86\x86\CL.exe /c /ZI /JMC /nologo /W3 /WX- /diagnostics:column /sdl /Od /Oy- /D WIN32 /D _DEBUG /D _CONSOLE /D _UNICODE /D UNICODE /Gm- /EHsc /RTC1 /MDd /GS /fp:precise /permissive- /Zc:wchar_t /Zc:forScope /Zc:inline /Fo"Debug\\" /Fd"Debug\vc142.pdb" /external:W3 /Gd /TP /analyze- /FC /errorReport:prompt Dop.cpp
         Dop.cpp
     1>D:\studing\Основы алгоритмизации и программирования\Лабораторные работы\Lab_08(n)\Lab_08\Dop_1(Zad4_3)\Dop.cpp(23,20): warning C4018: <: несоответствие типов со знаком и без знака
     1>D:\studing\Основы алгоритмизации и программирования\Лабораторные работы\Lab_08(n)\Lab_08\Dop_1(Zad4_3)\Dop.cpp(25,21): warning C4018: <: несоответствие типов со знаком и без знака
     1>D:\studing\Основы алгоритмизации и программирования\Лабораторные работы\Lab_08(n)\Lab_08\Dop_1(Zad4_3)\Dop.cpp(63,20): warning C4018: <: несоответствие типов со знаком и без знака
     1>D:\studing\Основы алгоритмизации и программирования\Лабораторные работы\Lab_08(n)\Lab_08\Dop_1(Zad4_3)\Dop.cpp(97,1): warning C4326: возвращаемый тип "main" должен быть "int", а не "void"
       Link:
         C:\Program Files (x86)\Microsoft Visual Studio\2019\Community\VC\Tools\MSVC\14.29.30133\bin\HostX86\x86\link.exe /ERRORREPORT:PROMPT /OUT:"D:\studing\Основы алгоритмизации и программирования\Лабораторные работы\Lab_08(n)\Lab_08\Debug\Dop.exe" /INCREMENTAL /ILK:"Debug\Dop.ilk" /NOLOGO kernel32.lib user32.lib gdi32.lib winspool.lib comdlg32.lib advapi32.lib shell32.lib ole32.lib oleaut32.lib uuid.lib odbc32.lib odbccp32.lib /MANIFEST /MANIFESTUAC:"level='asInvoker' uiAccess='false'" /manifest:embed /DEBUG /PDB:"D:\studing\Основы алгоритмизации и программирования\Лабораторные работы\Lab_08(n)\Lab_08\Debug\Dop.pdb" /SUBSYSTEM:CONSOLE /TLBID:1 /DYNAMICBASE /NXCOMPAT /IMPLIB:"D:\studing\Основы алгоритмизации и программирования\Лабораторные работы\Lab_08(n)\Lab_08\Debug\Dop.lib" /MACHINE:X86 Debug\Dop.obj
         Dop_1(Zad4_3).vcxproj -> D:\studing\Основы алгоритмизации и программирования\Лабораторные работы\Lab_08(n)\Lab_08\Debug\Dop.exe
       FinalizeBuildStatus:
         Файл "Debug\Dop.tlog\unsuccessfulbuild" удаляется.
         Обращение к "Debug\Dop.tlog\Dop.lastbuildstate".
     1>Сборка проекта "D:\studing\Основы алгоритмизации и программирования\Лабораторные работы\Lab_08(n)\Lab_08\Dop_1(Zad4_3)\Dop_1(Zad4_3).vcxproj" завершена (целевые объекты Build).

Сборка успешно завершена.

       "D:\studing\Основы алгоритмизации и программирования\Лабораторные работы\Lab_08(n)\Lab_08\Dop_1(Zad4_3)\Dop_1(Zad4_3).vcxproj" (целевой объект Build ) (1) ->
       (Целевой объект PrepareForBuild) -> 
         C:\Program Files (x86)\Microsoft Visual Studio\2019\Community\MSBuild\Microsoft\VC\v160\Microsoft.CppBuild.targets(513,5): warning MSB8028: промежуточный каталог (Debug\) содержит файлы, которые используются совместно с другим проектом (Dop_1(Zad4_3).vcxproj).  Это может привести к ошибкам очистки и перестроения.


       "D:\studing\Основы алгоритмизации и программирования\Лабораторные работы\Lab_08(n)\Lab_08\Dop_1(Zad4_3)\Dop_1(Zad4_3).vcxproj" (целевой объект Build ) (1) ->
       (Целевой объект ClCompile) -> 
         D:\studing\Основы алгоритмизации и программирования\Лабораторные работы\Lab_08(n)\Lab_08\Dop_1(Zad4_3)\Dop.cpp(23,20): warning C4018: <: несоответствие типов со знаком и без знака
         D:\studing\Основы алгоритмизации и программирования\Лабораторные работы\Lab_08(n)\Lab_08\Dop_1(Zad4_3)\Dop.cpp(25,21): warning C4018: <: несоответствие типов со знаком и без знака
         D:\studing\Основы алгоритмизации и программирования\Лабораторные работы\Lab_08(n)\Lab_08\Dop_1(Zad4_3)\Dop.cpp(63,20): warning C4018: <: несоответствие типов со знаком и без знака
         D:\studing\Основы алгоритмизации и программирования\Лабораторные работы\Lab_08(n)\Lab_08\Dop_1(Zad4_3)\Dop.cpp(97,1): warning C4326: возвращаемый тип "main" должен быть "int", а не "void"

    Предупреждений: 5
    Ошибок: 0

Прошло времени 00:00:03.38
