Сборка начата 27.03.2022 16:21:13.
Уровень детализации журнала: Normal.     1>Проект "D:\studing\Основы алгоритмизации и программирования\Лабораторные работы\Lab_06(n)\Lab_06\Dop_2(Zad_4-3)\Dop_2(Zad_4-3).vcxproj" в узле 2 (целевые объекты Build).
     1>PrepareForBuild:
         Создание каталога "Debug\Dop_2(Zad_4-3).tlog\".
       InitializeBuildStatus:
         Создание "Debug\Dop_2(Zad_4-3).tlog\unsuccessfulbuild", так как было задано "AlwaysCreate".
       ClCompile:
         C:\Program Files (x86)\Microsoft Visual Studio\2019\Community\VC\Tools\MSVC\14.29.30133\bin\HostX86\x86\CL.exe /c /ZI /JMC /nologo /W3 /WX- /diagnostics:column /sdl /Od /Oy- /D WIN32 /D _DEBUG /D _CONSOLE /D _UNICODE /D UNICODE /Gm- /EHsc /RTC1 /MDd /GS /fp:precise /permissive- /Zc:wchar_t /Zc:forScope /Zc:inline /Fo"Debug\\" /Fd"Debug\vc142.pdb" /external:W3 /Gd /TP /analyze- /FC /errorReport:prompt "Dop_2(Zad_4-3).cpp"
         Dop_2(Zad_4-3).cpp
     1>D:\studing\Основы алгоритмизации и программирования\Лабораторные работы\Lab_06(n)\Lab_06\Dop_2(Zad_4-3)\Dop_2(Zad_4-3).cpp(23,20): warning C4018: <: несоответствие типов со знаком и без знака
     1>D:\studing\Основы алгоритмизации и программирования\Лабораторные работы\Lab_06(n)\Lab_06\Dop_2(Zad_4-3)\Dop_2(Zad_4-3).cpp(63,1): warning C4326: возвращаемый тип "main" должен быть "int", а не "void"
     1>D:\studing\Основы алгоритмизации и программирования\Лабораторные работы\Lab_06(n)\Lab_06\Dop_2(Zad_4-3)\Dop_2(Zad_4-3).cpp(198,10): warning C4244: return: преобразование "int" в "float", возможна потеря данных
     1>D:\studing\Основы алгоритмизации и программирования\Лабораторные работы\Lab_06(n)\Lab_06\Dop_2(Zad_4-3)\Dop_2(Zad_4-3).cpp(215,11): warning C4244: return: преобразование "int" в "float", возможна потеря данных
     1>D:\studing\Основы алгоритмизации и программирования\Лабораторные работы\Lab_06(n)\Lab_06\Dop_2(Zad_4-3)\Dop_2(Zad_4-3).cpp(286,7): warning C4101: buf: неиспользованная локальная переменная
       Link:
         C:\Program Files (x86)\Microsoft Visual Studio\2019\Community\VC\Tools\MSVC\14.29.30133\bin\HostX86\x86\link.exe /ERRORREPORT:PROMPT /OUT:"D:\studing\Основы алгоритмизации и программирования\Лабораторные работы\Lab_06(n)\Lab_06\Debug\Dop_2(Zad_4-3).exe" /INCREMENTAL /ILK:"Debug\Dop_2(Zad_4-3).ilk" /NOLOGO kernel32.lib user32.lib gdi32.lib winspool.lib comdlg32.lib advapi32.lib shell32.lib ole32.lib oleaut32.lib uuid.lib odbc32.lib odbccp32.lib /MANIFEST /MANIFESTUAC:"level='asInvoker' uiAccess='false'" /manifest:embed /DEBUG /PDB:"D:\studing\Основы алгоритмизации и программирования\Лабораторные работы\Lab_06(n)\Lab_06\Debug\Dop_2(Zad_4-3).pdb" /SUBSYSTEM:CONSOLE /TLBID:1 /DYNAMICBASE /NXCOMPAT /IMPLIB:"D:\studing\Основы алгоритмизации и программирования\Лабораторные работы\Lab_06(n)\Lab_06\Debug\Dop_2(Zad_4-3).lib" /MACHINE:X86 "Debug\Dop_2(Zad_4-3).obj"
         Dop_2(Zad_4-3).vcxproj -> D:\studing\Основы алгоритмизации и программирования\Лабораторные работы\Lab_06(n)\Lab_06\Debug\Dop_2(Zad_4-3).exe
       FinalizeBuildStatus:
         Файл "Debug\Dop_2(Zad_4-3).tlog\unsuccessfulbuild" удаляется.
         Обращение к "Debug\Dop_2(Zad_4-3).tlog\Dop_2(Zad_4-3).lastbuildstate".
     1>Сборка проекта "D:\studing\Основы алгоритмизации и программирования\Лабораторные работы\Lab_06(n)\Lab_06\Dop_2(Zad_4-3)\Dop_2(Zad_4-3).vcxproj" завершена (целевые объекты Build).

Сборка успешно завершена.

       "D:\studing\Основы алгоритмизации и программирования\Лабораторные работы\Lab_06(n)\Lab_06\Dop_2(Zad_4-3)\Dop_2(Zad_4-3).vcxproj" (целевой объект Build ) (1) ->
       (Целевой объект ClCompile) -> 
         D:\studing\Основы алгоритмизации и программирования\Лабораторные работы\Lab_06(n)\Lab_06\Dop_2(Zad_4-3)\Dop_2(Zad_4-3).cpp(23,20): warning C4018: <: несоответствие типов со знаком и без знака
         D:\studing\Основы алгоритмизации и программирования\Лабораторные работы\Lab_06(n)\Lab_06\Dop_2(Zad_4-3)\Dop_2(Zad_4-3).cpp(63,1): warning C4326: возвращаемый тип "main" должен быть "int", а не "void"
         D:\studing\Основы алгоритмизации и программирования\Лабораторные работы\Lab_06(n)\Lab_06\Dop_2(Zad_4-3)\Dop_2(Zad_4-3).cpp(198,10): warning C4244: return: преобразование "int" в "float", возможна потеря данных
         D:\studing\Основы алгоритмизации и программирования\Лабораторные работы\Lab_06(n)\Lab_06\Dop_2(Zad_4-3)\Dop_2(Zad_4-3).cpp(215,11): warning C4244: return: преобразование "int" в "float", возможна потеря данных
         D:\studing\Основы алгоритмизации и программирования\Лабораторные работы\Lab_06(n)\Lab_06\Dop_2(Zad_4-3)\Dop_2(Zad_4-3).cpp(286,7): warning C4101: buf: неиспользованная локальная переменная

    Предупреждений: 5
    Ошибок: 0

Прошло времени 00:00:03.68
