Сборка начата 11.03.2022 18:17:21.
Уровень детализации журнала: Normal.     1>Проект "D:\studing\Конструирование программного обеспечения\Лабораторные работы\Lab_04\Lab_04\Lab_04\Lab_04.vcxproj" в узле 2 (целевые объекты Build).
     1>InitializeBuildStatus:
         Создание "Debug\Lab_04.tlog\unsuccessfulbuild", так как было задано "AlwaysCreate".
       ClCompile:
         C:\Program Files (x86)\Microsoft Visual Studio\2019\Community\VC\Tools\MSVC\14.29.30133\bin\HostX86\x86\CL.exe /c /ZI /JMC /nologo /W3 /WX- /diagnostics:column /sdl /Od /Oy- /D WIN32 /D _DEBUG /D _CONSOLE /D _UNICODE /D UNICODE /Gm- /EHsc /RTC1 /MDd /GS /fp:precise /permissive- /Zc:wchar_t /Zc:forScope /Zc:inline /Fo"Debug\\" /Fd"Debug\vc142.pdb" /external:W3 /Gd /TP /analyze- /FC /errorReport:prompt Lab_04.cpp
         Lab_04.cpp
     1>D:\studing\Конструирование программного обеспечения\Лабораторные работы\Lab_04\Lab_04\Lab_04\Lab_04.cpp(11,1): warning C4326: возвращаемый тип "main" должен быть "int", а не "void"
       Link:
         C:\Program Files (x86)\Microsoft Visual Studio\2019\Community\VC\Tools\MSVC\14.29.30133\bin\HostX86\x86\link.exe /ERRORREPORT:PROMPT /OUT:"D:\studing\Конструирование программного обеспечения\Лабораторные работы\Lab_04\Lab_04\Debug\Lab_04.exe" /INCREMENTAL /ILK:"Debug\Lab_04.ilk" /NOLOGO kernel32.lib user32.lib gdi32.lib winspool.lib comdlg32.lib advapi32.lib shell32.lib ole32.lib oleaut32.lib uuid.lib odbc32.lib odbccp32.lib /MANIFEST /MANIFESTUAC:"level='asInvoker' uiAccess='false'" /manifest:embed /DEBUG /PDB:"D:\studing\Конструирование программного обеспечения\Лабораторные работы\Lab_04\Lab_04\Debug\Lab_04.pdb" /SUBSYSTEM:CONSOLE /TLBID:1 /DYNAMICBASE /NXCOMPAT /IMPLIB:"D:\studing\Конструирование программного обеспечения\Лабораторные работы\Lab_04\Lab_04\Debug\Lab_04.lib" /MACHINE:X86 Debug\Lab_04.obj
         Lab_04.vcxproj -> D:\studing\Конструирование программного обеспечения\Лабораторные работы\Lab_04\Lab_04\Debug\Lab_04.exe
       FinalizeBuildStatus:
         Файл "Debug\Lab_04.tlog\unsuccessfulbuild" удаляется.
         Обращение к "Debug\Lab_04.tlog\Lab_04.lastbuildstate".
     1>Сборка проекта "D:\studing\Конструирование программного обеспечения\Лабораторные работы\Lab_04\Lab_04\Lab_04\Lab_04.vcxproj" завершена (целевые объекты Build).

Сборка успешно завершена.

       "D:\studing\Конструирование программного обеспечения\Лабораторные работы\Lab_04\Lab_04\Lab_04\Lab_04.vcxproj" (целевой объект Build ) (1) ->
       (Целевой объект ClCompile) -> 
         D:\studing\Конструирование программного обеспечения\Лабораторные работы\Lab_04\Lab_04\Lab_04\Lab_04.cpp(11,1): warning C4326: возвращаемый тип "main" должен быть "int", а не "void"

    Предупреждений: 1
    Ошибок: 0

Прошло времени 00:00:03.67
