Сборка начата 21.02.2022 16:45:12.
Уровень детализации журнала: Normal.     1>Проект "D:\studing\Основы алгоритмизации и программирования\Лабораторные работы\Lab_02(n)\Lab_2\Zad_2(Var_8)\Zad_2(Var_8).vcxproj" в узле 2 (целевые объекты Build).
     1>InitializeBuildStatus:
         Создание "Debug\Zad_2(Var_8).tlog\unsuccessfulbuild", так как было задано "AlwaysCreate".
       ClCompile:
         C:\Program Files (x86)\Microsoft Visual Studio\2019\Community\VC\Tools\MSVC\14.29.30133\bin\HostX86\x86\CL.exe /c /ZI /JMC /nologo /W3 /WX- /diagnostics:column /sdl /Od /Oy- /D WIN32 /D _DEBUG /D _CONSOLE /D _UNICODE /D UNICODE /Gm- /EHsc /RTC1 /MDd /GS /fp:precise /permissive- /Zc:wchar_t /Zc:forScope /Zc:inline /Fo"Debug\\" /Fd"Debug\vc142.pdb" /external:W3 /Gd /TP /analyze- /FC /errorReport:prompt "Zad_2(Var_8).cpp"
         Zad_2(Var_8).cpp
     1>D:\studing\Основы алгоритмизации и программирования\Лабораторные работы\Lab_02(n)\Lab_2\Zad_2(Var_8)\Zad_2(Var_8).cpp(43,15): warning C4244: аргумент: преобразование "time_t" в "unsigned int", возможна потеря данных
     1>D:\studing\Основы алгоритмизации и программирования\Лабораторные работы\Lab_02(n)\Lab_2\Zad_2(Var_8)\Zad_2(Var_8).cpp(48,11): warning C4101: q: неиспользованная локальная переменная
     1>D:\studing\Основы алгоритмизации и программирования\Лабораторные работы\Lab_02(n)\Lab_2\Zad_2(Var_8)\Zad_2(Var_8).cpp(47,11): warning C4101: g: неиспользованная локальная переменная
       Link:
         C:\Program Files (x86)\Microsoft Visual Studio\2019\Community\VC\Tools\MSVC\14.29.30133\bin\HostX86\x86\link.exe /ERRORREPORT:PROMPT /OUT:"D:\studing\Основы алгоритмизации и программирования\Лабораторные работы\Lab_02(n)\Lab_2\Debug\Zad_2(Var_8).exe" /INCREMENTAL /ILK:"Debug\Zad_2(Var_8).ilk" /NOLOGO kernel32.lib user32.lib gdi32.lib winspool.lib comdlg32.lib advapi32.lib shell32.lib ole32.lib oleaut32.lib uuid.lib odbc32.lib odbccp32.lib /MANIFEST /MANIFESTUAC:"level='asInvoker' uiAccess='false'" /manifest:embed /DEBUG /PDB:"D:\studing\Основы алгоритмизации и программирования\Лабораторные работы\Lab_02(n)\Lab_2\Debug\Zad_2(Var_8).pdb" /SUBSYSTEM:CONSOLE /TLBID:1 /DYNAMICBASE /NXCOMPAT /IMPLIB:"D:\studing\Основы алгоритмизации и программирования\Лабораторные работы\Lab_02(n)\Lab_2\Debug\Zad_2(Var_8).lib" /MACHINE:X86 "Debug\Zad_2(Var_8).obj"
         Zad_2(Var_8).vcxproj -> D:\studing\Основы алгоритмизации и программирования\Лабораторные работы\Lab_02(n)\Lab_2\Debug\Zad_2(Var_8).exe
       FinalizeBuildStatus:
         Файл "Debug\Zad_2(Var_8).tlog\unsuccessfulbuild" удаляется.
         Обращение к "Debug\Zad_2(Var_8).tlog\Zad_2(Var_8).lastbuildstate".
     1>Сборка проекта "D:\studing\Основы алгоритмизации и программирования\Лабораторные работы\Lab_02(n)\Lab_2\Zad_2(Var_8)\Zad_2(Var_8).vcxproj" завершена (целевые объекты Build).

Сборка успешно завершена.

       "D:\studing\Основы алгоритмизации и программирования\Лабораторные работы\Lab_02(n)\Lab_2\Zad_2(Var_8)\Zad_2(Var_8).vcxproj" (целевой объект Build ) (1) ->
       (Целевой объект ClCompile) -> 
         D:\studing\Основы алгоритмизации и программирования\Лабораторные работы\Lab_02(n)\Lab_2\Zad_2(Var_8)\Zad_2(Var_8).cpp(43,15): warning C4244: аргумент: преобразование "time_t" в "unsigned int", возможна потеря данных
         D:\studing\Основы алгоритмизации и программирования\Лабораторные работы\Lab_02(n)\Lab_2\Zad_2(Var_8)\Zad_2(Var_8).cpp(48,11): warning C4101: q: неиспользованная локальная переменная
         D:\studing\Основы алгоритмизации и программирования\Лабораторные работы\Lab_02(n)\Lab_2\Zad_2(Var_8)\Zad_2(Var_8).cpp(47,11): warning C4101: g: неиспользованная локальная переменная

    Предупреждений: 3
    Ошибок: 0

Прошло времени 00:00:01.32
