Сборка начата 19.04.2022 16:01:26.
Уровень детализации журнала: Normal.     1>Проект "D:\studing\Конструирование_программного_обеспечения\Лабораторные_работы\Lab_11(n)\SE_Lab11\Example_from_lecture\Example_from_lecture.vcxproj" в узле 2 (целевые объекты Build).
     1>PrepareForBuild:
         Создание каталога "D:\studing\Конструирование_программного_обеспечения\Лабораторные_работы\Lab_11(n)\SE_Lab11\Debug\".
         Создание каталога "Debug\Example_.eda430cc.tlog\".
       InitializeBuildStatus:
         Создание "Debug\Example_.eda430cc.tlog\unsuccessfulbuild", так как было задано "AlwaysCreate".
       ClCompile:
         C:\Program Files (x86)\Microsoft Visual Studio\2019\Community\VC\Tools\MSVC\14.29.30133\bin\HostX86\x86\CL.exe /c /ZI /JMC /nologo /W3 /WX- /diagnostics:column /sdl /Od /Oy- /D WIN32 /D _DEBUG /D _CONSOLE /D _UNICODE /D UNICODE /Gm- /EHsc /RTC1 /MDd /GS /fp:precise /permissive- /Zc:wchar_t /Zc:forScope /Zc:inline /Fo"Debug\\" /Fd"Debug\vc142.pdb" /external:W3 /Gd /TP /analyze- /FC /errorReport:prompt Example_from_lecture.cpp
         Example_from_lecture.cpp
     1>D:\studing\Конструирование_программного_обеспечения\Лабораторные_работы\Lab_11(n)\SE_Lab11\Example_from_lecture\Example_from_lecture.cpp(10,1): warning C4326: возвращаемый тип "main" должен быть "int", а не "void"
       Link:
         C:\Program Files (x86)\Microsoft Visual Studio\2019\Community\VC\Tools\MSVC\14.29.30133\bin\HostX86\x86\link.exe /ERRORREPORT:PROMPT /OUT:"D:\studing\Конструирование_программного_обеспечения\Лабораторные_работы\Lab_11(n)\SE_Lab11\Debug\Example_from_lecture.exe" /INCREMENTAL /ILK:"Debug\Example_from_lecture.ilk" /NOLOGO kernel32.lib user32.lib gdi32.lib winspool.lib comdlg32.lib advapi32.lib shell32.lib ole32.lib oleaut32.lib uuid.lib odbc32.lib odbccp32.lib /MANIFEST /MANIFESTUAC:"level='asInvoker' uiAccess='false'" /manifest:embed /DEBUG /PDB:"D:\studing\Конструирование_программного_обеспечения\Лабораторные_работы\Lab_11(n)\SE_Lab11\Debug\Example_from_lecture.pdb" /SUBSYSTEM:CONSOLE /TLBID:1 /DYNAMICBASE /NXCOMPAT /IMPLIB:"D:\studing\Конструирование_программного_обеспечения\Лабораторные_работы\Lab_11(n)\SE_Lab11\Debug\Example_from_lecture.lib" /MACHINE:X86 Debug\Example_from_lecture.obj
         Example_from_lecture.vcxproj -> D:\studing\Конструирование_программного_обеспечения\Лабораторные_работы\Lab_11(n)\SE_Lab11\Debug\Example_from_lecture.exe
       FinalizeBuildStatus:
         Файл "Debug\Example_.eda430cc.tlog\unsuccessfulbuild" удаляется.
         Обращение к "Debug\Example_.eda430cc.tlog\Example_from_lecture.lastbuildstate".
     1>Сборка проекта "D:\studing\Конструирование_программного_обеспечения\Лабораторные_работы\Lab_11(n)\SE_Lab11\Example_from_lecture\Example_from_lecture.vcxproj" завершена (целевые объекты Build).

Сборка успешно завершена.

       "D:\studing\Конструирование_программного_обеспечения\Лабораторные_работы\Lab_11(n)\SE_Lab11\Example_from_lecture\Example_from_lecture.vcxproj" (целевой объект Build ) (1) ->
       (Целевой объект ClCompile) -> 
         D:\studing\Конструирование_программного_обеспечения\Лабораторные_работы\Lab_11(n)\SE_Lab11\Example_from_lecture\Example_from_lecture.cpp(10,1): warning C4326: возвращаемый тип "main" должен быть "int", а не "void"

    Предупреждений: 1
    Ошибок: 0

Прошло времени 00:00:04.94
