Сборка начата 17.05.2022 22:58:08.
Уровень детализации журнала: Normal.     1>Проект "D:\studing\Алгоритмы и структуры данных\Лабораторные работы\Lab_06\Lab_06\Lab_06\Lab_06.vcxproj" в узле 2 (целевые объекты Build).
     1>InitializeBuildStatus:
         Обращение к "Debug\Lab_06.tlog\unsuccessfulbuild".
       ClCompile:
         C:\Program Files (x86)\Microsoft Visual Studio\2019\Community\VC\Tools\MSVC\14.29.30133\bin\HostX86\x86\CL.exe /c /ZI /JMC /nologo /W3 /WX- /diagnostics:column /sdl /Od /Oy- /D WIN32 /D _DEBUG /D _CONSOLE /D _UNICODE /D UNICODE /Gm- /EHsc /RTC1 /MDd /GS /fp:precise /permissive- /Zc:wchar_t /Zc:forScope /Zc:inline /Fo"Debug\\" /Fd"Debug\vc142.pdb" /external:W3 /Gd /TP /analyze- /FC /errorReport:prompt Lab_06.cpp
         Lab_06.cpp
     1>D:\studing\Алгоритмы и структуры данных\Лабораторные работы\Lab_06\Lab_06\Lab_06\Lab_06.cpp(18,20): warning C4018: <: несоответствие типов со знаком и без знака
     1>D:\studing\Алгоритмы и структуры данных\Лабораторные работы\Lab_06\Lab_06\Lab_06\Lab_06.cpp(20,21): warning C4018: <: несоответствие типов со знаком и без знака
     1>D:\studing\Алгоритмы и структуры данных\Лабораторные работы\Lab_06\Lab_06\Lab_06\Lab_06.cpp(137,1): warning C4326: возвращаемый тип "main" должен быть "int", а не "void"
       Link:
         C:\Program Files (x86)\Microsoft Visual Studio\2019\Community\VC\Tools\MSVC\14.29.30133\bin\HostX86\x86\link.exe /ERRORREPORT:PROMPT /OUT:"D:\studing\Алгоритмы и структуры данных\Лабораторные работы\Lab_06\Lab_06\Debug\Lab_06.exe" /INCREMENTAL /ILK:"Debug\Lab_06.ilk" /NOLOGO kernel32.lib user32.lib gdi32.lib winspool.lib comdlg32.lib advapi32.lib shell32.lib ole32.lib oleaut32.lib uuid.lib odbc32.lib odbccp32.lib /MANIFEST /MANIFESTUAC:"level='asInvoker' uiAccess='false'" /manifest:embed /DEBUG /PDB:"D:\studing\Алгоритмы и структуры данных\Лабораторные работы\Lab_06\Lab_06\Debug\Lab_06.pdb" /SUBSYSTEM:CONSOLE /TLBID:1 /DYNAMICBASE /NXCOMPAT /IMPLIB:"D:\studing\Алгоритмы и структуры данных\Лабораторные работы\Lab_06\Lab_06\Debug\Lab_06.lib" /MACHINE:X86 Debug\Lab_06.obj
         Lab_06.vcxproj -> D:\studing\Алгоритмы и структуры данных\Лабораторные работы\Lab_06\Lab_06\Debug\Lab_06.exe
       FinalizeBuildStatus:
         Файл "Debug\Lab_06.tlog\unsuccessfulbuild" удаляется.
         Обращение к "Debug\Lab_06.tlog\Lab_06.lastbuildstate".
     1>Сборка проекта "D:\studing\Алгоритмы и структуры данных\Лабораторные работы\Lab_06\Lab_06\Lab_06\Lab_06.vcxproj" завершена (целевые объекты Build).

Сборка успешно завершена.

       "D:\studing\Алгоритмы и структуры данных\Лабораторные работы\Lab_06\Lab_06\Lab_06\Lab_06.vcxproj" (целевой объект Build ) (1) ->
       (Целевой объект ClCompile) -> 
         D:\studing\Алгоритмы и структуры данных\Лабораторные работы\Lab_06\Lab_06\Lab_06\Lab_06.cpp(18,20): warning C4018: <: несоответствие типов со знаком и без знака
         D:\studing\Алгоритмы и структуры данных\Лабораторные работы\Lab_06\Lab_06\Lab_06\Lab_06.cpp(20,21): warning C4018: <: несоответствие типов со знаком и без знака
         D:\studing\Алгоритмы и структуры данных\Лабораторные работы\Lab_06\Lab_06\Lab_06\Lab_06.cpp(137,1): warning C4326: возвращаемый тип "main" должен быть "int", а не "void"

    Предупреждений: 3
    Ошибок: 0

Прошло времени 00:00:01.36
