Сборка начата 13.04.2022 15:34:29.
Уровень детализации журнала: Normal.     1>Проект "D:\studing\Алгоритмы и структуры данных\Лабораторные работы\Lab_03\Lab_03\Lab_03\Lab_03.vcxproj" в узле 2 (целевые объекты Build).
     1>InitializeBuildStatus:
         Создание "Debug\Lab_03.tlog\unsuccessfulbuild", так как было задано "AlwaysCreate".
       ClCompile:
         C:\Program Files (x86)\Microsoft Visual Studio\2019\Community\VC\Tools\MSVC\14.29.30133\bin\HostX86\x86\CL.exe /c /ZI /JMC /nologo /W3 /WX- /diagnostics:column /sdl /Od /Oy- /D WIN32 /D _DEBUG /D _CONSOLE /D _UNICODE /D UNICODE /Gm- /EHsc /RTC1 /MDd /GS /fp:precise /permissive- /Zc:wchar_t /Zc:forScope /Zc:inline /Fo"Debug\\" /Fd"Debug\vc142.pdb" /external:W3 /Gd /TP /analyze- /FC /errorReport:prompt Lab_03.cpp
         Lab_03.cpp
     1>D:\studing\Алгоритмы и структуры данных\Лабораторные работы\Lab_03\Lab_03\Lab_03\Lab_03.cpp(13,1): warning C4326: возвращаемый тип "main" должен быть "int", а не "void"
     1>D:\studing\Алгоритмы и структуры данных\Лабораторные работы\Lab_03\Lab_03\Lab_03\Lab_03.cpp(15,12): warning C4244: аргумент: преобразование "time_t" в "unsigned int", возможна потеря данных
       Link:
         C:\Program Files (x86)\Microsoft Visual Studio\2019\Community\VC\Tools\MSVC\14.29.30133\bin\HostX86\x86\link.exe /ERRORREPORT:PROMPT /OUT:"D:\studing\Алгоритмы и структуры данных\Лабораторные работы\Lab_03\Lab_03\Debug\Lab_03.exe" /INCREMENTAL /ILK:"Debug\Lab_03.ilk" /NOLOGO kernel32.lib user32.lib gdi32.lib winspool.lib comdlg32.lib advapi32.lib shell32.lib ole32.lib oleaut32.lib uuid.lib odbc32.lib odbccp32.lib /MANIFEST /MANIFESTUAC:"level='asInvoker' uiAccess='false'" /manifest:embed /DEBUG /PDB:"D:\studing\Алгоритмы и структуры данных\Лабораторные работы\Lab_03\Lab_03\Debug\Lab_03.pdb" /SUBSYSTEM:CONSOLE /TLBID:1 /DYNAMICBASE /NXCOMPAT /IMPLIB:"D:\studing\Алгоритмы и структуры данных\Лабораторные работы\Lab_03\Lab_03\Debug\Lab_03.lib" /MACHINE:X86 Debug\Lab_03.obj
         Lab_03.vcxproj -> D:\studing\Алгоритмы и структуры данных\Лабораторные работы\Lab_03\Lab_03\Debug\Lab_03.exe
       FinalizeBuildStatus:
         Файл "Debug\Lab_03.tlog\unsuccessfulbuild" удаляется.
         Обращение к "Debug\Lab_03.tlog\Lab_03.lastbuildstate".
     1>Сборка проекта "D:\studing\Алгоритмы и структуры данных\Лабораторные работы\Lab_03\Lab_03\Lab_03\Lab_03.vcxproj" завершена (целевые объекты Build).

Сборка успешно завершена.

       "D:\studing\Алгоритмы и структуры данных\Лабораторные работы\Lab_03\Lab_03\Lab_03\Lab_03.vcxproj" (целевой объект Build ) (1) ->
       (Целевой объект ClCompile) -> 
         D:\studing\Алгоритмы и структуры данных\Лабораторные работы\Lab_03\Lab_03\Lab_03\Lab_03.cpp(13,1): warning C4326: возвращаемый тип "main" должен быть "int", а не "void"
         D:\studing\Алгоритмы и структуры данных\Лабораторные работы\Lab_03\Lab_03\Lab_03\Lab_03.cpp(15,12): warning C4244: аргумент: преобразование "time_t" в "unsigned int", возможна потеря данных

    Предупреждений: 2
    Ошибок: 0

Прошло времени 00:00:01.92
