Сборка начата 02.03.2022 14:46:58.
Уровень детализации журнала: Normal.     1>Проект "D:\studing\Алгоритмы и структуры данных\Лабораторные работы\Lab_02\Game_ugadaika\Game_ugadaika\Game_ugadaika.vcxproj" в узле 2 (целевые объекты Build).
     1>InitializeBuildStatus:
         Создание "Debug\Game_ugadaika.tlog\unsuccessfulbuild", так как было задано "AlwaysCreate".
       ClCompile:
         C:\Program Files (x86)\Microsoft Visual Studio\2019\Community\VC\Tools\MSVC\14.29.30133\bin\HostX86\x86\CL.exe /c /ZI /JMC /nologo /W3 /WX- /diagnostics:column /sdl /Od /Oy- /D WIN32 /D _DEBUG /D _CONSOLE /D _UNICODE /D UNICODE /Gm- /EHsc /RTC1 /MDd /GS /fp:precise /permissive- /Zc:wchar_t /Zc:forScope /Zc:inline /Fo"Debug\\" /Fd"Debug\vc142.pdb" /external:W3 /Gd /TP /analyze- /FC /errorReport:prompt main.cpp
         main.cpp
     1>D:\studing\Алгоритмы и структуры данных\Лабораторные работы\Lab_02\Game_ugadaika\Game_ugadaika\main.cpp(8,1): warning C4326: возвращаемый тип "main" должен быть "int", а не "void"
     1>D:\studing\Алгоритмы и структуры данных\Лабораторные работы\Lab_02\Game_ugadaika\Game_ugadaika\main.cpp(12,11): warning C4102: active: неиспользованная метка
     1>D:\studing\Алгоритмы и структуры данных\Лабораторные работы\Lab_02\Game_ugadaika\Game_ugadaika\main.cpp(10,40): warning C4101: otvet: неиспользованная локальная переменная
       Link:
         C:\Program Files (x86)\Microsoft Visual Studio\2019\Community\VC\Tools\MSVC\14.29.30133\bin\HostX86\x86\link.exe /ERRORREPORT:PROMPT /OUT:"D:\studing\Алгоритмы и структуры данных\Лабораторные работы\Lab_02\Game_ugadaika\Debug\Game_ugadaika.exe" /INCREMENTAL /ILK:"Debug\Game_ugadaika.ilk" /NOLOGO kernel32.lib user32.lib gdi32.lib winspool.lib comdlg32.lib advapi32.lib shell32.lib ole32.lib oleaut32.lib uuid.lib odbc32.lib odbccp32.lib /MANIFEST /MANIFESTUAC:"level='asInvoker' uiAccess='false'" /manifest:embed /DEBUG /PDB:"D:\studing\Алгоритмы и структуры данных\Лабораторные работы\Lab_02\Game_ugadaika\Debug\Game_ugadaika.pdb" /SUBSYSTEM:CONSOLE /TLBID:1 /DYNAMICBASE /NXCOMPAT /IMPLIB:"D:\studing\Алгоритмы и структуры данных\Лабораторные работы\Lab_02\Game_ugadaika\Debug\Game_ugadaika.lib" /MACHINE:X86 Debug\main.obj
         Game_ugadaika.vcxproj -> D:\studing\Алгоритмы и структуры данных\Лабораторные работы\Lab_02\Game_ugadaika\Debug\Game_ugadaika.exe
       FinalizeBuildStatus:
         Файл "Debug\Game_ugadaika.tlog\unsuccessfulbuild" удаляется.
         Обращение к "Debug\Game_ugadaika.tlog\Game_ugadaika.lastbuildstate".
     1>Сборка проекта "D:\studing\Алгоритмы и структуры данных\Лабораторные работы\Lab_02\Game_ugadaika\Game_ugadaika\Game_ugadaika.vcxproj" завершена (целевые объекты Build).

Сборка успешно завершена.

       "D:\studing\Алгоритмы и структуры данных\Лабораторные работы\Lab_02\Game_ugadaika\Game_ugadaika\Game_ugadaika.vcxproj" (целевой объект Build ) (1) ->
       (Целевой объект ClCompile) -> 
         D:\studing\Алгоритмы и структуры данных\Лабораторные работы\Lab_02\Game_ugadaika\Game_ugadaika\main.cpp(8,1): warning C4326: возвращаемый тип "main" должен быть "int", а не "void"
         D:\studing\Алгоритмы и структуры данных\Лабораторные работы\Lab_02\Game_ugadaika\Game_ugadaika\main.cpp(12,11): warning C4102: active: неиспользованная метка
         D:\studing\Алгоритмы и структуры данных\Лабораторные работы\Lab_02\Game_ugadaika\Game_ugadaika\main.cpp(10,40): warning C4101: otvet: неиспользованная локальная переменная

    Предупреждений: 3
    Ошибок: 0

Прошло времени 00:00:00.84
