Сборка начата 19.04.2022 16:34:00.
Уровень детализации журнала: Normal.     1>Проект "D:\studing\Конструирование_программного_обеспечения\Лабораторные_работы\Lab_11(n)\SE_Lab11\Dop1\Dop1.vcxproj" в узле 2 (целевые объекты Build).
     1>InitializeBuildStatus:
         Создание "Debug\Dop1.tlog\unsuccessfulbuild", так как было задано "AlwaysCreate".
       ClCompile:
         C:\Program Files (x86)\Microsoft Visual Studio\2019\Community\VC\Tools\MSVC\14.29.30133\bin\HostX86\x86\CL.exe /c /ZI /JMC /nologo /W3 /WX- /diagnostics:column /sdl /Od /Oy- /D WIN32 /D _DEBUG /D _CONSOLE /D _UNICODE /D UNICODE /Gm- /EHsc /RTC1 /MDd /GS /fp:precise /permissive- /Zc:wchar_t /Zc:forScope /Zc:inline /Fo"Debug\\" /Fd"Debug\vc142.pdb" /external:W3 /Gd /TP /analyze- /FC /errorReport:prompt Dop1.cpp
         Dop1.cpp
     1>D:\studing\Конструирование_программного_обеспечения\Лабораторные_работы\Lab_11(n)\SE_Lab11\Dop1\Dop1.cpp(7,1): warning C4326: возвращаемый тип "main" должен быть "int", а не "void"
     1>D:\studing\Конструирование_программного_обеспечения\Лабораторные_работы\Lab_11(n)\SE_Lab11\Dop1\Dop1.cpp(35): warning C4715: <lambda_8a164ee21b150cc2c9a13650cf9eab6f>::operator(): значение возвращается не при всех путях выполнения
       Link:
         C:\Program Files (x86)\Microsoft Visual Studio\2019\Community\VC\Tools\MSVC\14.29.30133\bin\HostX86\x86\link.exe /ERRORREPORT:PROMPT /OUT:"D:\studing\Конструирование_программного_обеспечения\Лабораторные_работы\Lab_11(n)\SE_Lab11\Debug\Dop1.exe" /INCREMENTAL /ILK:"Debug\Dop1.ilk" /NOLOGO kernel32.lib user32.lib gdi32.lib winspool.lib comdlg32.lib advapi32.lib shell32.lib ole32.lib oleaut32.lib uuid.lib odbc32.lib odbccp32.lib /MANIFEST /MANIFESTUAC:"level='asInvoker' uiAccess='false'" /manifest:embed /DEBUG /PDB:"D:\studing\Конструирование_программного_обеспечения\Лабораторные_работы\Lab_11(n)\SE_Lab11\Debug\Dop1.pdb" /SUBSYSTEM:CONSOLE /TLBID:1 /DYNAMICBASE /NXCOMPAT /IMPLIB:"D:\studing\Конструирование_программного_обеспечения\Лабораторные_работы\Lab_11(n)\SE_Lab11\Debug\Dop1.lib" /MACHINE:X86 Debug\Dop1.obj
         Dop1.vcxproj -> D:\studing\Конструирование_программного_обеспечения\Лабораторные_работы\Lab_11(n)\SE_Lab11\Debug\Dop1.exe
       FinalizeBuildStatus:
         Файл "Debug\Dop1.tlog\unsuccessfulbuild" удаляется.
         Обращение к "Debug\Dop1.tlog\Dop1.lastbuildstate".
     1>Сборка проекта "D:\studing\Конструирование_программного_обеспечения\Лабораторные_работы\Lab_11(n)\SE_Lab11\Dop1\Dop1.vcxproj" завершена (целевые объекты Build).

Сборка успешно завершена.

       "D:\studing\Конструирование_программного_обеспечения\Лабораторные_работы\Lab_11(n)\SE_Lab11\Dop1\Dop1.vcxproj" (целевой объект Build ) (1) ->
       (Целевой объект ClCompile) -> 
         D:\studing\Конструирование_программного_обеспечения\Лабораторные_работы\Lab_11(n)\SE_Lab11\Dop1\Dop1.cpp(7,1): warning C4326: возвращаемый тип "main" должен быть "int", а не "void"
         D:\studing\Конструирование_программного_обеспечения\Лабораторные_работы\Lab_11(n)\SE_Lab11\Dop1\Dop1.cpp(35): warning C4715: <lambda_8a164ee21b150cc2c9a13650cf9eab6f>::operator(): значение возвращается не при всех путях выполнения

    Предупреждений: 2
    Ошибок: 0

Прошло времени 00:00:01.14
