Сборка начата 30.03.2022 13:03:34.
Уровень детализации журнала: Normal.     1>Проект "D:\studing\Алгоритмы и структуры данных\Лабораторные работы\Lab_04(n)\Lab_04\Ex_2\Ex_2.vcxproj" в узле 2 (целевые объекты Build).
     1>InitializeBuildStatus:
         Создание "Debug\Ex_2.tlog\unsuccessfulbuild", так как было задано "AlwaysCreate".
       ClCompile:
         C:\Program Files (x86)\Microsoft Visual Studio\2019\Community\VC\Tools\MSVC\14.29.30133\bin\HostX86\x86\CL.exe /c /ZI /JMC /nologo /W3 /WX- /diagnostics:column /sdl /Od /Oy- /D WIN32 /D _DEBUG /D _CONSOLE /D _UNICODE /D UNICODE /Gm- /EHsc /RTC1 /MDd /GS /fp:precise /permissive- /Zc:wchar_t /Zc:forScope /Zc:inline /Fo"Debug\\" /Fd"Debug\vc142.pdb" /external:W3 /Gd /TP /analyze- /FC /errorReport:prompt Ex_2.cpp
         Ex_2.cpp
     1>D:\studing\Алгоритмы и структуры данных\Лабораторные работы\Lab_04(n)\Lab_04\Ex_2\Ex_2.cpp(28,20): warning C4018: <: несоответствие типов со знаком и без знака
     1>D:\studing\Алгоритмы и структуры данных\Лабораторные работы\Lab_04(n)\Lab_04\Ex_2\Ex_2.cpp(54,1): warning C4326: возвращаемый тип "main" должен быть "int", а не "void"
     1>D:\studing\Алгоритмы и структуры данных\Лабораторные работы\Lab_04(n)\Lab_04\Ex_2\Ex_2.cpp(56,12): warning C4244: аргумент: преобразование "time_t" в "unsigned int", возможна потеря данных
       Link:
         C:\Program Files (x86)\Microsoft Visual Studio\2019\Community\VC\Tools\MSVC\14.29.30133\bin\HostX86\x86\link.exe /ERRORREPORT:PROMPT /OUT:"D:\studing\Алгоритмы и структуры данных\Лабораторные работы\Lab_04(n)\Lab_04\Debug\Ex_2.exe" /INCREMENTAL /ILK:"Debug\Ex_2.ilk" /NOLOGO kernel32.lib user32.lib gdi32.lib winspool.lib comdlg32.lib advapi32.lib shell32.lib ole32.lib oleaut32.lib uuid.lib odbc32.lib odbccp32.lib /MANIFEST /MANIFESTUAC:"level='asInvoker' uiAccess='false'" /manifest:embed /DEBUG /PDB:"D:\studing\Алгоритмы и структуры данных\Лабораторные работы\Lab_04(n)\Lab_04\Debug\Ex_2.pdb" /SUBSYSTEM:CONSOLE /TLBID:1 /DYNAMICBASE /NXCOMPAT /IMPLIB:"D:\studing\Алгоритмы и структуры данных\Лабораторные работы\Lab_04(n)\Lab_04\Debug\Ex_2.lib" /MACHINE:X86 Debug\Ex_2.obj
         Ex_2.vcxproj -> D:\studing\Алгоритмы и структуры данных\Лабораторные работы\Lab_04(n)\Lab_04\Debug\Ex_2.exe
       FinalizeBuildStatus:
         Файл "Debug\Ex_2.tlog\unsuccessfulbuild" удаляется.
         Обращение к "Debug\Ex_2.tlog\Ex_2.lastbuildstate".
     1>Сборка проекта "D:\studing\Алгоритмы и структуры данных\Лабораторные работы\Lab_04(n)\Lab_04\Ex_2\Ex_2.vcxproj" завершена (целевые объекты Build).

Сборка успешно завершена.

       "D:\studing\Алгоритмы и структуры данных\Лабораторные работы\Lab_04(n)\Lab_04\Ex_2\Ex_2.vcxproj" (целевой объект Build ) (1) ->
       (Целевой объект ClCompile) -> 
         D:\studing\Алгоритмы и структуры данных\Лабораторные работы\Lab_04(n)\Lab_04\Ex_2\Ex_2.cpp(28,20): warning C4018: <: несоответствие типов со знаком и без знака
         D:\studing\Алгоритмы и структуры данных\Лабораторные работы\Lab_04(n)\Lab_04\Ex_2\Ex_2.cpp(54,1): warning C4326: возвращаемый тип "main" должен быть "int", а не "void"
         D:\studing\Алгоритмы и структуры данных\Лабораторные работы\Lab_04(n)\Lab_04\Ex_2\Ex_2.cpp(56,12): warning C4244: аргумент: преобразование "time_t" в "unsigned int", возможна потеря данных

    Предупреждений: 3
    Ошибок: 0

Прошло времени 00:00:02.32
