Сборка начата 08.04.2022 16:40:09.
Уровень детализации журнала: Normal.     1>Проект "D:\studing\Конструирование_программного_обеспечения\Лабораторные_работы\Lab_07\LP_Lab07L\Lab_07L\Lab_07L.vcxproj" в узле 2 (целевые объекты Rebuild).
     1>_PrepareForClean:
         Файл "Debug\Lab_07L.tlog\Lab_07L.lastbuildstate" удаляется.
       InitializeBuildStatus:
         Создание "Debug\Lab_07L.tlog\unsuccessfulbuild", так как было задано "AlwaysCreate".
       ClCompile:
         C:\Program Files (x86)\Microsoft Visual Studio\2019\Community\VC\Tools\MSVC\14.29.30133\bin\HostX86\x86\CL.exe /c /ZI /JMC /nologo /W3 /WX- /diagnostics:column /sdl /Od /Oy- /D WIN32 /D _DEBUG /D _LIB /D _UNICODE /D UNICODE /D TEST_DICTIONARY /Gm- /EHsc /RTC1 /MDd /GS /fp:precise /permissive- /Zc:wchar_t /Zc:forScope /Zc:inline /Fo"Debug\\" /Fd"D:\studing\Конструирование_программного_обеспечения\Лабораторные_работы\Lab_07\LP_Lab07L\Debug\Lab_07L.pdb" /external:W3 /Gd /TP /analyze- /FC /errorReport:prompt Dictionary.cpp
         Dictionary.cpp
     1>D:\studing\Конструирование_программного_обеспечения\Лабораторные_работы\Lab_07\LP_Lab07L\Lab_07L\Dictionary.cpp(58): warning C4715: Dictionary::GetEntry: значение возвращается не при всех путях выполнения
       Lib:
         C:\Program Files (x86)\Microsoft Visual Studio\2019\Community\VC\Tools\MSVC\14.29.30133\bin\HostX86\x86\Lib.exe /OUT:"D:\studing\Конструирование_программного_обеспечения\Лабораторные_работы\Lab_07\LP_Lab07L\Debug\Lab_07L.lib" /NOLOGO /MACHINE:X86 Debug\Dictionary.obj
         Lab_07L.vcxproj -> D:\studing\Конструирование_программного_обеспечения\Лабораторные_работы\Lab_07\LP_Lab07L\Debug\Lab_07L.lib
       FinalizeBuildStatus:
         Файл "Debug\Lab_07L.tlog\unsuccessfulbuild" удаляется.
         Обращение к "Debug\Lab_07L.tlog\Lab_07L.lastbuildstate".
     1>Сборка проекта "D:\studing\Конструирование_программного_обеспечения\Лабораторные_работы\Lab_07\LP_Lab07L\Lab_07L\Lab_07L.vcxproj" завершена (целевые объекты Rebuild).

Сборка успешно завершена.

       "D:\studing\Конструирование_программного_обеспечения\Лабораторные_работы\Lab_07\LP_Lab07L\Lab_07L\Lab_07L.vcxproj" (целевой объект Rebuild ) (1) ->
       (Целевой объект ClCompile) -> 
         D:\studing\Конструирование_программного_обеспечения\Лабораторные_работы\Lab_07\LP_Lab07L\Lab_07L\Dictionary.cpp(58): warning C4715: Dictionary::GetEntry: значение возвращается не при всех путях выполнения

    Предупреждений: 1
    Ошибок: 0

Прошло времени 00:00:02.12
