Сборка начата 04.05.2022 19:09:25.
Уровень детализации журнала: Normal.     1>Проект "D:\studing\Конструирование_программного_обеспечения\Лабораторные_работы\Lab_05\Lab_05\Zad_1\Zad_1.vcxproj" в узле 2 (целевые объекты Build).
     1>InitializeBuildStatus:
         Обращение к "Debug\Zad_1.tlog\unsuccessfulbuild".
       ClCompile:
         C:\Program Files (x86)\Microsoft Visual Studio\2019\Community\VC\Tools\MSVC\14.29.30133\bin\HostX86\x86\CL.exe /c /ZI /JMC /nologo /W3 /WX- /diagnostics:column /sdl /Od /Oy- /D WIN32 /D _DEBUG /D _CONSOLE /D _UNICODE /D UNICODE /Gm- /EHsc /RTC1 /MDd /GS /fp:precise /permissive- /Zc:wchar_t /Zc:forScope /Zc:inline /Fo"Debug\\" /Fd"Debug\vc142.pdb" /external:W3 /Gd /TP /analyze- /FC /errorReport:prompt Zad_1.cpp
         Zad_1.cpp
     1>D:\studing\Конструирование_программного_обеспечения\Лабораторные_работы\Lab_05\Lab_05\Zad_1\Zad_1.cpp(16,1): warning C4326: возвращаемый тип "main" должен быть "int", а не "void"
     1>D:\studing\Конструирование_программного_обеспечения\Лабораторные_работы\Lab_05\Lab_05\Zad_1\Zad_1.cpp(18,15): error C2065: Grodno: необъявленный идентификатор
     1>Сборка проекта "D:\studing\Конструирование_программного_обеспечения\Лабораторные_работы\Lab_05\Lab_05\Zad_1\Zad_1.vcxproj" завершена (целевые объекты Build) с ошибкой.

Ошибка сборки.

       "D:\studing\Конструирование_программного_обеспечения\Лабораторные_работы\Lab_05\Lab_05\Zad_1\Zad_1.vcxproj" (целевой объект Build ) (1) ->
       (Целевой объект ClCompile) -> 
         D:\studing\Конструирование_программного_обеспечения\Лабораторные_работы\Lab_05\Lab_05\Zad_1\Zad_1.cpp(16,1): warning C4326: возвращаемый тип "main" должен быть "int", а не "void"


       "D:\studing\Конструирование_программного_обеспечения\Лабораторные_работы\Lab_05\Lab_05\Zad_1\Zad_1.vcxproj" (целевой объект Build ) (1) ->
       (Целевой объект ClCompile) -> 
         D:\studing\Конструирование_программного_обеспечения\Лабораторные_работы\Lab_05\Lab_05\Zad_1\Zad_1.cpp(18,15): error C2065: Grodno: необъявленный идентификатор

    Предупреждений: 1
    Ошибок: 1

Прошло времени 00:00:01.67
