d:\studing\основы алгоритмизации и программирования\лабораторные работы\lab_03(n)\lab_3\zad_1(var_8)\debug\vc142.pdb
d:\studing\основы алгоритмизации и программирования\лабораторные работы\lab_03(n)\lab_3\zad_1(var_8)\debug\vc142.idb
d:\studing\основы алгоритмизации и программирования\лабораторные работы\lab_03(n)\lab_3\zad_1(var_8)\debug\zad_1(var_8)_english_words.obj
d:\studing\основы алгоритмизации и программирования\лабораторные работы\lab_03(n)\lab_3\zad_1(var_8)\debug\zad_1(var_8).obj
d:\studing\основы алгоритмизации и программирования\лабораторные работы\lab_03(n)\lab_3\zad_1(var_8)\debug\source.obj
d:\studing\основы алгоритмизации и программирования\лабораторные работы\lab_03(n)\lab_3\debug\zad_1(var_8).pdb
d:\studing\основы алгоритмизации и программирования\лабораторные работы\lab_03(n)\lab_3\zad_1(var_8)\debug\zad_1(var_8).tlog\cl.command.1.tlog
d:\studing\основы алгоритмизации и программирования\лабораторные работы\lab_03(n)\lab_3\zad_1(var_8)\debug\zad_1(var_8).tlog\cl.read.1.tlog
d:\studing\основы алгоритмизации и программирования\лабораторные работы\lab_03(n)\lab_3\zad_1(var_8)\debug\zad_1(var_8).tlog\cl.write.1.tlog
d:\studing\основы алгоритмизации и программирования\лабораторные работы\lab_03(n)\lab_3\zad_1(var_8)\debug\zad_1(var_8).tlog\link-cvtres.read.1.tlog
d:\studing\основы алгоритмизации и программирования\лабораторные работы\lab_03(n)\lab_3\zad_1(var_8)\debug\zad_1(var_8).tlog\link-cvtres.write.1.tlog
d:\studing\основы алгоритмизации и программирования\лабораторные работы\lab_03(n)\lab_3\zad_1(var_8)\debug\zad_1(var_8).tlog\link-rc.read.1.tlog
d:\studing\основы алгоритмизации и программирования\лабораторные работы\lab_03(n)\lab_3\zad_1(var_8)\debug\zad_1(var_8).tlog\link-rc.write.1.tlog
d:\studing\основы алгоритмизации и программирования\лабораторные работы\lab_03(n)\lab_3\zad_1(var_8)\debug\zad_1(var_8).tlog\link.13908-cvtres.read.1.tlog
d:\studing\основы алгоритмизации и программирования\лабораторные работы\lab_03(n)\lab_3\zad_1(var_8)\debug\zad_1(var_8).tlog\link.13908-cvtres.write.1.tlog
d:\studing\основы алгоритмизации и программирования\лабораторные работы\lab_03(n)\lab_3\zad_1(var_8)\debug\zad_1(var_8).tlog\link.13908-rc.read.1.tlog
d:\studing\основы алгоритмизации и программирования\лабораторные работы\lab_03(n)\lab_3\zad_1(var_8)\debug\zad_1(var_8).tlog\link.13908-rc.write.1.tlog
d:\studing\основы алгоритмизации и программирования\лабораторные работы\lab_03(n)\lab_3\zad_1(var_8)\debug\zad_1(var_8).tlog\link.13908.read.1.tlog
d:\studing\основы алгоритмизации и программирования\лабораторные работы\lab_03(n)\lab_3\zad_1(var_8)\debug\zad_1(var_8).tlog\link.13908.write.1.tlog
d:\studing\основы алгоритмизации и программирования\лабораторные работы\lab_03(n)\lab_3\zad_1(var_8)\debug\zad_1(var_8).tlog\link.command.1.tlog
d:\studing\основы алгоритмизации и программирования\лабораторные работы\lab_03(n)\lab_3\zad_1(var_8)\debug\zad_1(var_8).tlog\link.read.1.tlog
d:\studing\основы алгоритмизации и программирования\лабораторные работы\lab_03(n)\lab_3\zad_1(var_8)\debug\zad_1(var_8).tlog\link.write.1.tlog
