Сборка начата 14.03.2022 16:56:22.
Уровень детализации журнала: Normal.     1>Проект "D:\studing\Основы алгоритмизации и программирования\Лабораторные работы\Lab_03(n)\Lab_3\Zad_1(VAR_8)\Zad_1(VAR_8).vcxproj" в узле 2 (целевые объекты Build).
     1>InitializeBuildStatus:
         Обращение к "Debug\Zad_1(VAR_8).tlog\unsuccessfulbuild".
       ClCompile:
         Для всех выходных данных обновления не требуется.
       Link:
         C:\Program Files (x86)\Microsoft Visual Studio\2019\Community\VC\Tools\MSVC\14.29.30133\bin\HostX86\x86\link.exe /ERRORREPORT:PROMPT /OUT:"D:\studing\Основы алгоритмизации и программирования\Лабораторные работы\Lab_03(n)\Lab_3\Debug\Zad_1(VAR_8).exe" /INCREMENTAL /ILK:"Debug\Zad_1(VAR_8).ilk" /NOLOGO kernel32.lib user32.lib gdi32.lib winspool.lib comdlg32.lib advapi32.lib shell32.lib ole32.lib oleaut32.lib uuid.lib odbc32.lib odbccp32.lib /MANIFEST /MANIFESTUAC:"level='asInvoker' uiAccess='false'" /manifest:embed /DEBUG /PDB:"D:\studing\Основы алгоритмизации и программирования\Лабораторные работы\Lab_03(n)\Lab_3\Debug\Zad_1(VAR_8).pdb" /SUBSYSTEM:CONSOLE /TLBID:1 /DYNAMICBASE /NXCOMPAT /IMPLIB:"D:\studing\Основы алгоритмизации и программирования\Лабораторные работы\Lab_03(n)\Lab_3\Debug\Zad_1(VAR_8).lib" /MACHINE:X86 "Debug\Zad_1(VAR_8).obj"
         "Debug\Zad_1(VAR_8)_English_words.obj"
     1>Zad_1(VAR_8)_English_words.obj : error LNK2005: _main уже определен в Zad_1(VAR_8).obj
     1>D:\studing\Основы алгоритмизации и программирования\Лабораторные работы\Lab_03(n)\Lab_3\Debug\Zad_1(VAR_8).exe : fatal error LNK1169: обнаружен многократно определенный символ - один или более
     1>Сборка проекта "D:\studing\Основы алгоритмизации и программирования\Лабораторные работы\Lab_03(n)\Lab_3\Zad_1(VAR_8)\Zad_1(VAR_8).vcxproj" завершена (целевые объекты Build) с ошибкой.

Ошибка сборки.

       "D:\studing\Основы алгоритмизации и программирования\Лабораторные работы\Lab_03(n)\Lab_3\Zad_1(VAR_8)\Zad_1(VAR_8).vcxproj" (целевой объект Build ) (1) ->
       (Целевой объект Link) -> 
         Zad_1(VAR_8)_English_words.obj : error LNK2005: _main уже определен в Zad_1(VAR_8).obj
         D:\studing\Основы алгоритмизации и программирования\Лабораторные работы\Lab_03(n)\Lab_3\Debug\Zad_1(VAR_8).exe : fatal error LNK1169: обнаружен многократно определенный символ - один или более

    Предупреждений: 0
    Ошибок: 2

Прошло времени 00:00:00.34
