Сборка начата 21.03.2022 16:31:18.
Уровень детализации журнала: Normal.     1>Проект "D:\studing\Основы алгоритмизации и программирования\Лабораторные работы\Lab_05(n)\Lab_05\Dop_2\Dop_2.vcxproj" в узле 2 (целевые объекты Build).
     1>InitializeBuildStatus:
         Создание "Debug\Dop_2.tlog\unsuccessfulbuild", так как было задано "AlwaysCreate".
       ClCompile:
         C:\Program Files (x86)\Microsoft Visual Studio\2019\Community\VC\Tools\MSVC\14.29.30133\bin\HostX86\x86\CL.exe /c /ZI /JMC /nologo /W3 /WX- /diagnostics:column /sdl /Od /Oy- /D WIN32 /D _DEBUG /D _CONSOLE /D _UNICODE /D UNICODE /Gm- /EHsc /RTC1 /MDd /GS /fp:precise /permissive- /Zc:wchar_t /Zc:forScope /Zc:inline /Fo"Debug\\" /Fd"Debug\vc142.pdb" /external:W3 /Gd /TP /analyze- /FC /errorReport:prompt Dop_2.cpp
         Dop_2.cpp
     1>D:\studing\Основы алгоритмизации и программирования\Лабораторные работы\Lab_05(n)\Lab_05\Dop_2\check.h(7,20): warning C4018: <: несоответствие типов со знаком и без знака
     1>D:\studing\Основы алгоритмизации и программирования\Лабораторные работы\Lab_05(n)\Lab_05\Dop_2\check.h(35,20): warning C4018: <: несоответствие типов со знаком и без знака
     1>D:\studing\Основы алгоритмизации и программирования\Лабораторные работы\Lab_05(n)\Lab_05\Dop_2\check.h(37,21): warning C4018: <: несоответствие типов со знаком и без знака
     1>D:\studing\Основы алгоритмизации и программирования\Лабораторные работы\Lab_05(n)\Lab_05\Dop_2\check.h(65,21): warning C4018: <: несоответствие типов со знаком и без знака
     1>D:\studing\Основы алгоритмизации и программирования\Лабораторные работы\Lab_05(n)\Lab_05\Dop_2\check.h(92,20): warning C4018: <: несоответствие типов со знаком и без знака
     1>D:\studing\Основы алгоритмизации и программирования\Лабораторные работы\Lab_05(n)\Lab_05\Dop_2\check.h(156,20): warning C4018: <: несоответствие типов со знаком и без знака
     1>D:\studing\Основы алгоритмизации и программирования\Лабораторные работы\Lab_05(n)\Lab_05\Dop_2\check.h(160,26): warning C4018: <: несоответствие типов со знаком и без знака
     1>D:\studing\Основы алгоритмизации и программирования\Лабораторные работы\Lab_05(n)\Lab_05\Dop_2\check.h(164,24): warning C4018: <: несоответствие типов со знаком и без знака
     1>D:\studing\Основы алгоритмизации и программирования\Лабораторные работы\Lab_05(n)\Lab_05\Dop_2\check.h(182,20): warning C4018: <: несоответствие типов со знаком и без знака
     1>D:\studing\Основы алгоритмизации и программирования\Лабораторные работы\Lab_05(n)\Lab_05\Dop_2\check.h(186,26): warning C4018: <: несоответствие типов со знаком и без знака
     1>D:\studing\Основы алгоритмизации и программирования\Лабораторные работы\Lab_05(n)\Lab_05\Dop_2\check.h(190,24): warning C4018: <: несоответствие типов со знаком и без знака
     1>D:\studing\Основы алгоритмизации и программирования\Лабораторные работы\Lab_05(n)\Lab_05\Dop_2\check.h(212,20): warning C4018: <: несоответствие типов со знаком и без знака
     1>D:\studing\Основы алгоритмизации и программирования\Лабораторные работы\Lab_05(n)\Lab_05\Dop_2\check.h(234,20): warning C4018: <: несоответствие типов со знаком и без знака
     1>D:\studing\Основы алгоритмизации и программирования\Лабораторные работы\Lab_05(n)\Lab_05\Dop_2\check.h(256,20): warning C4018: <: несоответствие типов со знаком и без знака
     1>D:\studing\Основы алгоритмизации и программирования\Лабораторные работы\Lab_05(n)\Lab_05\Dop_2\check.h(278,20): warning C4018: <: несоответствие типов со знаком и без знака
     1>D:\studing\Основы алгоритмизации и программирования\Лабораторные работы\Lab_05(n)\Lab_05\Dop_2\check.h(296,20): warning C4018: <=: несоответствие типов со знаком и без знака
     1>D:\studing\Основы алгоритмизации и программирования\Лабораторные работы\Lab_05(n)\Lab_05\Dop_2\check.h(318,20): warning C4018: <: несоответствие типов со знаком и без знака
       Link:
         C:\Program Files (x86)\Microsoft Visual Studio\2019\Community\VC\Tools\MSVC\14.29.30133\bin\HostX86\x86\link.exe /ERRORREPORT:PROMPT /OUT:"D:\studing\Основы алгоритмизации и программирования\Лабораторные работы\Lab_05(n)\Lab_05\Debug\Dop_2.exe" /INCREMENTAL /ILK:"Debug\Dop_2.ilk" /NOLOGO kernel32.lib user32.lib gdi32.lib winspool.lib comdlg32.lib advapi32.lib shell32.lib ole32.lib oleaut32.lib uuid.lib odbc32.lib odbccp32.lib /MANIFEST /MANIFESTUAC:"level='asInvoker' uiAccess='false'" /manifest:embed /DEBUG /PDB:"D:\studing\Основы алгоритмизации и программирования\Лабораторные работы\Lab_05(n)\Lab_05\Debug\Dop_2.pdb" /SUBSYSTEM:CONSOLE /TLBID:1 /DYNAMICBASE /NXCOMPAT /IMPLIB:"D:\studing\Основы алгоритмизации и программирования\Лабораторные работы\Lab_05(n)\Lab_05\Debug\Dop_2.lib" /MACHINE:X86 Debug\Dop_2.obj
         Dop_2.vcxproj -> D:\studing\Основы алгоритмизации и программирования\Лабораторные работы\Lab_05(n)\Lab_05\Debug\Dop_2.exe
       FinalizeBuildStatus:
         Файл "Debug\Dop_2.tlog\unsuccessfulbuild" удаляется.
         Обращение к "Debug\Dop_2.tlog\Dop_2.lastbuildstate".
     1>Сборка проекта "D:\studing\Основы алгоритмизации и программирования\Лабораторные работы\Lab_05(n)\Lab_05\Dop_2\Dop_2.vcxproj" завершена (целевые объекты Build).

Сборка успешно завершена.

       "D:\studing\Основы алгоритмизации и программирования\Лабораторные работы\Lab_05(n)\Lab_05\Dop_2\Dop_2.vcxproj" (целевой объект Build ) (1) ->
       (Целевой объект ClCompile) -> 
         D:\studing\Основы алгоритмизации и программирования\Лабораторные работы\Lab_05(n)\Lab_05\Dop_2\check.h(7,20): warning C4018: <: несоответствие типов со знаком и без знака
         D:\studing\Основы алгоритмизации и программирования\Лабораторные работы\Lab_05(n)\Lab_05\Dop_2\check.h(35,20): warning C4018: <: несоответствие типов со знаком и без знака
         D:\studing\Основы алгоритмизации и программирования\Лабораторные работы\Lab_05(n)\Lab_05\Dop_2\check.h(37,21): warning C4018: <: несоответствие типов со знаком и без знака
         D:\studing\Основы алгоритмизации и программирования\Лабораторные работы\Lab_05(n)\Lab_05\Dop_2\check.h(65,21): warning C4018: <: несоответствие типов со знаком и без знака
         D:\studing\Основы алгоритмизации и программирования\Лабораторные работы\Lab_05(n)\Lab_05\Dop_2\check.h(92,20): warning C4018: <: несоответствие типов со знаком и без знака
         D:\studing\Основы алгоритмизации и программирования\Лабораторные работы\Lab_05(n)\Lab_05\Dop_2\check.h(156,20): warning C4018: <: несоответствие типов со знаком и без знака
         D:\studing\Основы алгоритмизации и программирования\Лабораторные работы\Lab_05(n)\Lab_05\Dop_2\check.h(160,26): warning C4018: <: несоответствие типов со знаком и без знака
         D:\studing\Основы алгоритмизации и программирования\Лабораторные работы\Lab_05(n)\Lab_05\Dop_2\check.h(164,24): warning C4018: <: несоответствие типов со знаком и без знака
         D:\studing\Основы алгоритмизации и программирования\Лабораторные работы\Lab_05(n)\Lab_05\Dop_2\check.h(182,20): warning C4018: <: несоответствие типов со знаком и без знака
         D:\studing\Основы алгоритмизации и программирования\Лабораторные работы\Lab_05(n)\Lab_05\Dop_2\check.h(186,26): warning C4018: <: несоответствие типов со знаком и без знака
         D:\studing\Основы алгоритмизации и программирования\Лабораторные работы\Lab_05(n)\Lab_05\Dop_2\check.h(190,24): warning C4018: <: несоответствие типов со знаком и без знака
         D:\studing\Основы алгоритмизации и программирования\Лабораторные работы\Lab_05(n)\Lab_05\Dop_2\check.h(212,20): warning C4018: <: несоответствие типов со знаком и без знака
         D:\studing\Основы алгоритмизации и программирования\Лабораторные работы\Lab_05(n)\Lab_05\Dop_2\check.h(234,20): warning C4018: <: несоответствие типов со знаком и без знака
         D:\studing\Основы алгоритмизации и программирования\Лабораторные работы\Lab_05(n)\Lab_05\Dop_2\check.h(256,20): warning C4018: <: несоответствие типов со знаком и без знака
         D:\studing\Основы алгоритмизации и программирования\Лабораторные работы\Lab_05(n)\Lab_05\Dop_2\check.h(278,20): warning C4018: <: несоответствие типов со знаком и без знака
         D:\studing\Основы алгоритмизации и программирования\Лабораторные работы\Lab_05(n)\Lab_05\Dop_2\check.h(296,20): warning C4018: <=: несоответствие типов со знаком и без знака
         D:\studing\Основы алгоритмизации и программирования\Лабораторные работы\Lab_05(n)\Lab_05\Dop_2\check.h(318,20): warning C4018: <: несоответствие типов со знаком и без знака

    Предупреждений: 17
    Ошибок: 0

Прошло времени 00:00:01.26
