Сборка начата 18.04.2022 17:14:51.
Уровень детализации журнала: Normal.     1>Проект "D:\studing\Основы алгоритмизации и программирования\Лабораторные работы\Lab_07 - 15\Lab_7\DOP(spisok)\DOP(spisok).vcxproj" в узле 2 (целевые объекты Build).
     1>InitializeBuildStatus:
         Создание "Debug\DOP(spisok).tlog\unsuccessfulbuild", так как было задано "AlwaysCreate".
       ClCompile:
         C:\Program Files (x86)\Microsoft Visual Studio\2019\Community\VC\Tools\MSVC\14.29.30133\bin\HostX86\x86\CL.exe /c /ZI /JMC /nologo /W3 /WX- /diagnostics:column /sdl /Od /Oy- /D WIN32 /D _DEBUG /D _CONSOLE /D _UNICODE /D UNICODE /Gm- /EHsc /RTC1 /MDd /GS /fp:precise /permissive- /Zc:wchar_t /Zc:forScope /Zc:inline /Fo"Debug\\" /Fd"Debug\vc142.pdb" /external:W3 /Gd /TP /analyze- /FC /errorReport:prompt "DOP(spisok).cpp"
         DOP(spisok).cpp
     1>D:\studing\Основы алгоритмизации и программирования\Лабораторные работы\Lab_07 - 15\Lab_7\DOP(spisok)\DOP(spisok).cpp(27,20): warning C4018: <: несоответствие типов со знаком и без знака
     1>D:\studing\Основы алгоритмизации и программирования\Лабораторные работы\Lab_07 - 15\Lab_7\DOP(spisok)\DOP(spisok).cpp(29,21): warning C4018: <: несоответствие типов со знаком и без знака
     1>D:\studing\Основы алгоритмизации и программирования\Лабораторные работы\Lab_07 - 15\Lab_7\DOP(spisok)\DOP(spisok).cpp(67,20): warning C4018: <: несоответствие типов со знаком и без знака
     1>D:\studing\Основы алгоритмизации и программирования\Лабораторные работы\Lab_07 - 15\Lab_7\DOP(spisok)\DOP(spisok).cpp(103,1): warning C4326: возвращаемый тип "main" должен быть "int", а не "void"
     1>D:\studing\Основы алгоритмизации и программирования\Лабораторные работы\Lab_07 - 15\Lab_7\DOP(spisok)\DOP(spisok).cpp(106,12): warning C4244: аргумент: преобразование "time_t" в "unsigned int", возможна потеря данных
     1>D:\studing\Основы алгоритмизации и программирования\Лабораторные работы\Lab_07 - 15\Lab_7\DOP(spisok)\DOP(spisok).cpp(322,11): warning C4244: инициализация: преобразование "std::streamoff" в "int", возможна потеря данных
       Link:
         C:\Program Files (x86)\Microsoft Visual Studio\2019\Community\VC\Tools\MSVC\14.29.30133\bin\HostX86\x86\link.exe /ERRORREPORT:PROMPT /OUT:"D:\studing\Основы алгоритмизации и программирования\Лабораторные работы\Lab_07 - 15\Lab_7\Debug\DOP(spisok).exe" /INCREMENTAL /ILK:"Debug\DOP(spisok).ilk" /NOLOGO kernel32.lib user32.lib gdi32.lib winspool.lib comdlg32.lib advapi32.lib shell32.lib ole32.lib oleaut32.lib uuid.lib odbc32.lib odbccp32.lib /MANIFEST /MANIFESTUAC:"level='asInvoker' uiAccess='false'" /manifest:embed /DEBUG /PDB:"D:\studing\Основы алгоритмизации и программирования\Лабораторные работы\Lab_07 - 15\Lab_7\Debug\DOP(spisok).pdb" /SUBSYSTEM:CONSOLE /TLBID:1 /DYNAMICBASE /NXCOMPAT /IMPLIB:"D:\studing\Основы алгоритмизации и программирования\Лабораторные работы\Lab_07 - 15\Lab_7\Debug\DOP(spisok).lib" /MACHINE:X86 "Debug\DOP(spisok).obj"
         DOP(spisok).vcxproj -> D:\studing\Основы алгоритмизации и программирования\Лабораторные работы\Lab_07 - 15\Lab_7\Debug\DOP(spisok).exe
       FinalizeBuildStatus:
         Файл "Debug\DOP(spisok).tlog\unsuccessfulbuild" удаляется.
         Обращение к "Debug\DOP(spisok).tlog\DOP(spisok).lastbuildstate".
     1>Сборка проекта "D:\studing\Основы алгоритмизации и программирования\Лабораторные работы\Lab_07 - 15\Lab_7\DOP(spisok)\DOP(spisok).vcxproj" завершена (целевые объекты Build).

Сборка успешно завершена.

       "D:\studing\Основы алгоритмизации и программирования\Лабораторные работы\Lab_07 - 15\Lab_7\DOP(spisok)\DOP(spisok).vcxproj" (целевой объект Build ) (1) ->
       (Целевой объект ClCompile) -> 
         D:\studing\Основы алгоритмизации и программирования\Лабораторные работы\Lab_07 - 15\Lab_7\DOP(spisok)\DOP(spisok).cpp(27,20): warning C4018: <: несоответствие типов со знаком и без знака
         D:\studing\Основы алгоритмизации и программирования\Лабораторные работы\Lab_07 - 15\Lab_7\DOP(spisok)\DOP(spisok).cpp(29,21): warning C4018: <: несоответствие типов со знаком и без знака
         D:\studing\Основы алгоритмизации и программирования\Лабораторные работы\Lab_07 - 15\Lab_7\DOP(spisok)\DOP(spisok).cpp(67,20): warning C4018: <: несоответствие типов со знаком и без знака
         D:\studing\Основы алгоритмизации и программирования\Лабораторные работы\Lab_07 - 15\Lab_7\DOP(spisok)\DOP(spisok).cpp(103,1): warning C4326: возвращаемый тип "main" должен быть "int", а не "void"
         D:\studing\Основы алгоритмизации и программирования\Лабораторные работы\Lab_07 - 15\Lab_7\DOP(spisok)\DOP(spisok).cpp(106,12): warning C4244: аргумент: преобразование "time_t" в "unsigned int", возможна потеря данных
         D:\studing\Основы алгоритмизации и программирования\Лабораторные работы\Lab_07 - 15\Lab_7\DOP(spisok)\DOP(spisok).cpp(322,11): warning C4244: инициализация: преобразование "std::streamoff" в "int", возможна потеря данных

    Предупреждений: 6
    Ошибок: 0

Прошло времени 00:00:02.55
