Сборка начата 14.05.2022 15:03:13.
Уровень детализации журнала: Normal.     1>Проект "D:\studing\Основы алгоритмизации и программирования\Лабораторные работы\Lab_08 - 15\Lab_08\Zad_5-2\Zad_5-2.vcxproj" в узле 2 (целевые объекты Build).
     1>InitializeBuildStatus:
         Создание "Debug\Zad_5-2.tlog\unsuccessfulbuild", так как было задано "AlwaysCreate".
       ClCompile:
         C:\Program Files (x86)\Microsoft Visual Studio\2019\Community\VC\Tools\MSVC\14.29.30133\bin\HostX86\x86\CL.exe /c /ZI /JMC /nologo /W3 /WX- /diagnostics:column /sdl /Od /Oy- /D WIN32 /D _DEBUG /D _CONSOLE /D _UNICODE /D UNICODE /Gm- /EHsc /RTC1 /MDd /GS /fp:precise /permissive- /Zc:wchar_t /Zc:forScope /Zc:inline /Fo"Debug\\" /Fd"Debug\vc142.pdb" /external:W3 /Gd /TP /analyze- /FC /errorReport:prompt "Zad_5-2.cpp"
         Zad_5-2.cpp
     1>D:\studing\Основы алгоритмизации и программирования\Лабораторные работы\Lab_08 - 15\Lab_08\Zad_5-2\Zad_5-2.cpp(16,20): warning C4018: <: несоответствие типов со знаком и без знака
     1>D:\studing\Основы алгоритмизации и программирования\Лабораторные работы\Lab_08 - 15\Lab_08\Zad_5-2\Zad_5-2.cpp(45,20): warning C4018: <: несоответствие типов со знаком и без знака
     1>D:\studing\Основы алгоритмизации и программирования\Лабораторные работы\Lab_08 - 15\Lab_08\Zad_5-2\Zad_5-2.cpp(70,1): warning C4326: возвращаемый тип "main" должен быть "int", а не "void"
       Link:
         C:\Program Files (x86)\Microsoft Visual Studio\2019\Community\VC\Tools\MSVC\14.29.30133\bin\HostX86\x86\link.exe /ERRORREPORT:PROMPT /OUT:"D:\studing\Основы алгоритмизации и программирования\Лабораторные работы\Lab_08 - 15\Lab_08\Debug\Zad_5-2.exe" /INCREMENTAL /ILK:"Debug\Zad_5-2.ilk" /NOLOGO kernel32.lib user32.lib gdi32.lib winspool.lib comdlg32.lib advapi32.lib shell32.lib ole32.lib oleaut32.lib uuid.lib odbc32.lib odbccp32.lib /MANIFEST /MANIFESTUAC:"level='asInvoker' uiAccess='false'" /manifest:embed /DEBUG /PDB:"D:\studing\Основы алгоритмизации и программирования\Лабораторные работы\Lab_08 - 15\Lab_08\Debug\Zad_5-2.pdb" /SUBSYSTEM:CONSOLE /TLBID:1 /DYNAMICBASE /NXCOMPAT /IMPLIB:"D:\studing\Основы алгоритмизации и программирования\Лабораторные работы\Lab_08 - 15\Lab_08\Debug\Zad_5-2.lib" /MACHINE:X86 "Debug\Zad_5-2.obj"
         Zad_5-2.vcxproj -> D:\studing\Основы алгоритмизации и программирования\Лабораторные работы\Lab_08 - 15\Lab_08\Debug\Zad_5-2.exe
       FinalizeBuildStatus:
         Файл "Debug\Zad_5-2.tlog\unsuccessfulbuild" удаляется.
         Обращение к "Debug\Zad_5-2.tlog\Zad_5-2.lastbuildstate".
     1>Сборка проекта "D:\studing\Основы алгоритмизации и программирования\Лабораторные работы\Lab_08 - 15\Lab_08\Zad_5-2\Zad_5-2.vcxproj" завершена (целевые объекты Build).

Сборка успешно завершена.

       "D:\studing\Основы алгоритмизации и программирования\Лабораторные работы\Lab_08 - 15\Lab_08\Zad_5-2\Zad_5-2.vcxproj" (целевой объект Build ) (1) ->
       (Целевой объект ClCompile) -> 
         D:\studing\Основы алгоритмизации и программирования\Лабораторные работы\Lab_08 - 15\Lab_08\Zad_5-2\Zad_5-2.cpp(16,20): warning C4018: <: несоответствие типов со знаком и без знака
         D:\studing\Основы алгоритмизации и программирования\Лабораторные работы\Lab_08 - 15\Lab_08\Zad_5-2\Zad_5-2.cpp(45,20): warning C4018: <: несоответствие типов со знаком и без знака
         D:\studing\Основы алгоритмизации и программирования\Лабораторные работы\Lab_08 - 15\Lab_08\Zad_5-2\Zad_5-2.cpp(70,1): warning C4326: возвращаемый тип "main" должен быть "int", а не "void"

    Предупреждений: 3
    Ошибок: 0

Прошло времени 00:00:03.85
