Сборка начата 05.04.2022 15:02:32.
Уровень детализации журнала: Normal.     1>Проект "D:\studing\Конструирование_программного_обеспечения\Лабораторные_работы\Lab_06\Lab_6\Lab_6\Lab_6.vcxproj" в узле 2 (целевые объекты Build).
     1>InitializeBuildStatus:
         Обращение к "Debug\Lab_6.tlog\unsuccessfulbuild".
       ClCompile:
         C:\Program Files (x86)\Microsoft Visual Studio\2019\Community\VC\Tools\MSVC\14.29.30133\bin\HostX86\x86\CL.exe /c /ZI /JMC /nologo /W3 /WX- /diagnostics:column /sdl /Od /Oy- /D WIN32 /D _DEBUG /D _CONSOLE /D _UNICODE /D UNICODE /D TEST_DICTIONARY /Gm- /EHsc /RTC1 /MDd /GS /fp:precise /permissive- /Zc:wchar_t /Zc:forScope /Zc:inline /Fo"Debug\\" /Fd"Debug\vc142.pdb" /external:W3 /Gd /TP /analyze- /FC /errorReport:prompt Dictionary.cpp Main.cpp
         Dictionary.cpp
         Main.cpp
     1>D:\studing\Конструирование_программного_обеспечения\Лабораторные_работы\Lab_06\Lab_6\Lab_6\Main.cpp(8,1): warning C4326: возвращаемый тип "main" должен быть "int", а не "void"
         Создание кода...
     1>D:\studing\Конструирование_программного_обеспечения\Лабораторные_работы\Lab_06\Lab_6\Lab_6\Dictionary.cpp(59): warning C4715: Dictionary::GetEntry: значение возвращается не при всех путях выполнения
       Link:
         C:\Program Files (x86)\Microsoft Visual Studio\2019\Community\VC\Tools\MSVC\14.29.30133\bin\HostX86\x86\link.exe /ERRORREPORT:PROMPT /OUT:"D:\studing\Конструирование_программного_обеспечения\Лабораторные_работы\Lab_06\Lab_6\Debug\Lab_6.exe" /INCREMENTAL /ILK:"Debug\Lab_6.ilk" /NOLOGO kernel32.lib user32.lib gdi32.lib winspool.lib comdlg32.lib advapi32.lib shell32.lib ole32.lib oleaut32.lib uuid.lib odbc32.lib odbccp32.lib /MANIFEST /MANIFESTUAC:"level='asInvoker' uiAccess='false'" /manifest:embed /DEBUG /PDB:"D:\studing\Конструирование_программного_обеспечения\Лабораторные_работы\Lab_06\Lab_6\Debug\Lab_6.pdb" /SUBSYSTEM:CONSOLE /TLBID:1 /DYNAMICBASE /NXCOMPAT /IMPLIB:"D:\studing\Конструирование_программного_обеспечения\Лабораторные_работы\Lab_06\Lab_6\Debug\Lab_6.lib" /MACHINE:X86 Debug\Dictionary.obj
         Debug\Main.obj
         Lab_6.vcxproj -> D:\studing\Конструирование_программного_обеспечения\Лабораторные_работы\Lab_06\Lab_6\Debug\Lab_6.exe
       FinalizeBuildStatus:
         Файл "Debug\Lab_6.tlog\unsuccessfulbuild" удаляется.
         Обращение к "Debug\Lab_6.tlog\Lab_6.lastbuildstate".
     1>Сборка проекта "D:\studing\Конструирование_программного_обеспечения\Лабораторные_работы\Lab_06\Lab_6\Lab_6\Lab_6.vcxproj" завершена (целевые объекты Build).

Сборка успешно завершена.

       "D:\studing\Конструирование_программного_обеспечения\Лабораторные_работы\Lab_06\Lab_6\Lab_6\Lab_6.vcxproj" (целевой объект Build ) (1) ->
       (Целевой объект ClCompile) -> 
         D:\studing\Конструирование_программного_обеспечения\Лабораторные_работы\Lab_06\Lab_6\Lab_6\Main.cpp(8,1): warning C4326: возвращаемый тип "main" должен быть "int", а не "void"
         D:\studing\Конструирование_программного_обеспечения\Лабораторные_работы\Lab_06\Lab_6\Lab_6\Dictionary.cpp(59): warning C4715: Dictionary::GetEntry: значение возвращается не при всех путях выполнения

    Предупреждений: 2
    Ошибок: 0

Прошло времени 00:00:03.81
