d:\studing\основы алгоритмизации и программирования\лабораторные работы\lab_12(n)\lab_12\ex_4\debug\vc142.pdb
d:\studing\основы алгоритмизации и программирования\лабораторные работы\lab_12(n)\lab_12\ex_4\debug\vc142.idb
d:\studing\основы алгоритмизации и программирования\лабораторные работы\lab_12(n)\lab_12\ex_4\debug\tree.obj
d:\studing\основы алгоритмизации и программирования\лабораторные работы\lab_12(n)\lab_12\ex_4\debug\ex_4.obj
d:\studing\основы алгоритмизации и программирования\лабораторные работы\lab_12(n)\lab_12\ex_4\debug\dop1.obj
d:\studing\основы алгоритмизации и программирования\лабораторные работы\lab_12(n)\lab_12\debug\ex_4.exe
d:\studing\основы алгоритмизации и программирования\лабораторные работы\lab_12(n)\lab_12\ex_4\debug\ex_4.ilk
d:\studing\основы алгоритмизации и программирования\лабораторные работы\lab_12(n)\lab_12\debug\ex_4.pdb
d:\studing\основы алгоритмизации и программирования\лабораторные работы\lab_12(n)\lab_12\ex_4\debug\ex_4.tlog\cl.command.1.tlog
d:\studing\основы алгоритмизации и программирования\лабораторные работы\lab_12(n)\lab_12\ex_4\debug\ex_4.tlog\cl.read.1.tlog
d:\studing\основы алгоритмизации и программирования\лабораторные работы\lab_12(n)\lab_12\ex_4\debug\ex_4.tlog\cl.write.1.tlog
d:\studing\основы алгоритмизации и программирования\лабораторные работы\lab_12(n)\lab_12\ex_4\debug\ex_4.tlog\link-cvtres.read.1.tlog
d:\studing\основы алгоритмизации и программирования\лабораторные работы\lab_12(n)\lab_12\ex_4\debug\ex_4.tlog\link-cvtres.write.1.tlog
d:\studing\основы алгоритмизации и программирования\лабораторные работы\lab_12(n)\lab_12\ex_4\debug\ex_4.tlog\link-rc.read.1.tlog
d:\studing\основы алгоритмизации и программирования\лабораторные работы\lab_12(n)\lab_12\ex_4\debug\ex_4.tlog\link-rc.write.1.tlog
d:\studing\основы алгоритмизации и программирования\лабораторные работы\lab_12(n)\lab_12\ex_4\debug\ex_4.tlog\link.21072-cvtres.read.1.tlog
d:\studing\основы алгоритмизации и программирования\лабораторные работы\lab_12(n)\lab_12\ex_4\debug\ex_4.tlog\link.21072-cvtres.write.1.tlog
d:\studing\основы алгоритмизации и программирования\лабораторные работы\lab_12(n)\lab_12\ex_4\debug\ex_4.tlog\link.21072-rc.read.1.tlog
d:\studing\основы алгоритмизации и программирования\лабораторные работы\lab_12(n)\lab_12\ex_4\debug\ex_4.tlog\link.21072-rc.write.1.tlog
d:\studing\основы алгоритмизации и программирования\лабораторные работы\lab_12(n)\lab_12\ex_4\debug\ex_4.tlog\link.21072.read.1.tlog
d:\studing\основы алгоритмизации и программирования\лабораторные работы\lab_12(n)\lab_12\ex_4\debug\ex_4.tlog\link.21072.write.1.tlog
d:\studing\основы алгоритмизации и программирования\лабораторные работы\lab_12(n)\lab_12\ex_4\debug\ex_4.tlog\link.command.1.tlog
d:\studing\основы алгоритмизации и программирования\лабораторные работы\lab_12(n)\lab_12\ex_4\debug\ex_4.tlog\link.read.1.tlog
d:\studing\основы алгоритмизации и программирования\лабораторные работы\lab_12(n)\lab_12\ex_4\debug\ex_4.tlog\link.write.1.tlog
