Сборка начата 14.02.2022 17:21:01.
Уровень детализации журнала: Normal.     1>Проект "D:\studing\Основы алгоритмизации и программирования\Лабораторные работы\Lab_01\DOP_1\DOP_1.vcxproj" в узле 2 (целевые объекты Build).
     1>InitializeBuildStatus:
         Создание "Debug\DOP_1.tlog\unsuccessfulbuild", так как было задано "AlwaysCreate".
       ClCompile:
         C:\Program Files (x86)\Microsoft Visual Studio\2019\Community\VC\Tools\MSVC\14.29.30133\bin\HostX86\x86\CL.exe /c /ZI /JMC /nologo /W3 /WX- /diagnostics:column /sdl /Od /Oy- /D WIN32 /D _DEBUG /D _CONSOLE /D _UNICODE /D UNICODE /Gm- /EHsc /RTC1 /MDd /GS /fp:precise /permissive- /Zc:wchar_t /Zc:forScope /Zc:inline /Fo"Debug\\" /Fd"Debug\vc142.pdb" /external:W3 /Gd /TP /analyze- /FC /errorReport:prompt "DOP_1_ZAD_1(VAR_2).cpp"
         DOP_1_ZAD_1(VAR_2).cpp
     1>D:\studing\Основы алгоритмизации и программирования\Лабораторные работы\Lab_01\DOP_1\DOP_1_ZAD_1(VAR_2).cpp(7,23): warning C4244: return: преобразование "double" в "float", возможна потеря данных
     1>D:\studing\Основы алгоритмизации и программирования\Лабораторные работы\Lab_01\DOP_1\DOP_1_ZAD_1(VAR_2).cpp(10,12): warning C4244: return: преобразование "double" в "float", возможна потеря данных
     1>D:\studing\Основы алгоритмизации и программирования\Лабораторные работы\Lab_01\DOP_1\DOP_1_ZAD_1(VAR_2).cpp(17,24): warning C4305: инициализация: усечение из "double" в "float"
       Link:
         C:\Program Files (x86)\Microsoft Visual Studio\2019\Community\VC\Tools\MSVC\14.29.30133\bin\HostX86\x86\link.exe /ERRORREPORT:PROMPT /OUT:"D:\studing\Основы алгоритмизации и программирования\Лабораторные работы\Lab_01\Debug\DOP_1.exe" /INCREMENTAL /ILK:"Debug\DOP_1.ilk" /NOLOGO kernel32.lib user32.lib gdi32.lib winspool.lib comdlg32.lib advapi32.lib shell32.lib ole32.lib oleaut32.lib uuid.lib odbc32.lib odbccp32.lib /MANIFEST /MANIFESTUAC:"level='asInvoker' uiAccess='false'" /manifest:embed /DEBUG /PDB:"D:\studing\Основы алгоритмизации и программирования\Лабораторные работы\Lab_01\Debug\DOP_1.pdb" /SUBSYSTEM:CONSOLE /TLBID:1 /DYNAMICBASE /NXCOMPAT /IMPLIB:"D:\studing\Основы алгоритмизации и программирования\Лабораторные работы\Lab_01\Debug\DOP_1.lib" /MACHINE:X86 "Debug\DOP_1_ZAD_1(VAR_2).obj"
         DOP_1.vcxproj -> D:\studing\Основы алгоритмизации и программирования\Лабораторные работы\Lab_01\Debug\DOP_1.exe
       FinalizeBuildStatus:
         Файл "Debug\DOP_1.tlog\unsuccessfulbuild" удаляется.
         Обращение к "Debug\DOP_1.tlog\DOP_1.lastbuildstate".
     1>Сборка проекта "D:\studing\Основы алгоритмизации и программирования\Лабораторные работы\Lab_01\DOP_1\DOP_1.vcxproj" завершена (целевые объекты Build).

Сборка успешно завершена.

       "D:\studing\Основы алгоритмизации и программирования\Лабораторные работы\Lab_01\DOP_1\DOP_1.vcxproj" (целевой объект Build ) (1) ->
       (Целевой объект ClCompile) -> 
         D:\studing\Основы алгоритмизации и программирования\Лабораторные работы\Lab_01\DOP_1\DOP_1_ZAD_1(VAR_2).cpp(7,23): warning C4244: return: преобразование "double" в "float", возможна потеря данных
         D:\studing\Основы алгоритмизации и программирования\Лабораторные работы\Lab_01\DOP_1\DOP_1_ZAD_1(VAR_2).cpp(10,12): warning C4244: return: преобразование "double" в "float", возможна потеря данных
         D:\studing\Основы алгоритмизации и программирования\Лабораторные работы\Lab_01\DOP_1\DOP_1_ZAD_1(VAR_2).cpp(17,24): warning C4305: инициализация: усечение из "double" в "float"

    Предупреждений: 3
    Ошибок: 0

Прошло времени 00:00:00.97
