Сборка начата 28.04.2022 03:09:39.
Уровень детализации журнала: Normal.     1>Проект "D:\studing\Конструирование_программного_обеспечения\Лабораторные_работы\Lab_10\Lab_10\Lab_10\Lab_10.vcxproj" в узле 2 (целевые объекты Build).
     1>InitializeBuildStatus:
         Создание "Debug\Lab_10.tlog\unsuccessfulbuild", так как было задано "AlwaysCreate".
       ClCompile:
         C:\Program Files (x86)\Microsoft Visual Studio\2019\Community\VC\Tools\MSVC\14.29.30133\bin\HostX86\x86\CL.exe /c /ZI /JMC /nologo /W3 /WX- /diagnostics:column /sdl /Od /Oy- /D WIN32 /D _DEBUG /D _CONSOLE /D _UNICODE /D UNICODE /Gm- /EHsc /RTC1 /MDd /GS /fp:precise /permissive- /Zc:wchar_t /Zc:forScope /Zc:inline /Fo"Debug\\" /Fd"Debug\vc142.pdb" /external:W3 /Gd /TP /analyze- /FC /errorReport:prompt Varparm.cpp
         Varparm.cpp
     1>D:\studing\Конструирование_программного_обеспечения\Лабораторные_работы\Lab_10\Lab_10\Lab_10\Varparm.h(37,21): warning C4244: +=: преобразование "double" в "float", возможна потеря данных
     1>D:\studing\Конструирование_программного_обеспечения\Лабораторные_работы\Lab_10\Lab_10\Lab_10\Varparm.h(47,13): warning C4244: инициализация: преобразование "double" в "float", возможна потеря данных
     1>D:\studing\Конструирование_программного_обеспечения\Лабораторные_работы\Lab_10\Lab_10\Lab_10\Varparm.h(50,21): warning C4244: +=: преобразование "double" в "float", возможна потеря данных
     1>D:\studing\Конструирование_программного_обеспечения\Лабораторные_работы\Lab_10\Lab_10\Lab_10\Varparm.cpp(6,1): warning C4326: возвращаемый тип "main" должен быть "int", а не "void"
       Link:
         C:\Program Files (x86)\Microsoft Visual Studio\2019\Community\VC\Tools\MSVC\14.29.30133\bin\HostX86\x86\link.exe /ERRORREPORT:PROMPT /OUT:"D:\studing\Конструирование_программного_обеспечения\Лабораторные_работы\Lab_10\Lab_10\Debug\Lab_10.exe" /INCREMENTAL /ILK:"Debug\Lab_10.ilk" /NOLOGO kernel32.lib user32.lib gdi32.lib winspool.lib comdlg32.lib advapi32.lib shell32.lib ole32.lib oleaut32.lib uuid.lib odbc32.lib odbccp32.lib /MANIFEST /MANIFESTUAC:"level='asInvoker' uiAccess='false'" /manifest:embed /DEBUG /PDB:"D:\studing\Конструирование_программного_обеспечения\Лабораторные_работы\Lab_10\Lab_10\Debug\Lab_10.pdb" /SUBSYSTEM:CONSOLE /TLBID:1 /DYNAMICBASE /NXCOMPAT /IMPLIB:"D:\studing\Конструирование_программного_обеспечения\Лабораторные_работы\Lab_10\Lab_10\Debug\Lab_10.lib" /MACHINE:X86 Debug\Varparm.obj
         Lab_10.vcxproj -> D:\studing\Конструирование_программного_обеспечения\Лабораторные_работы\Lab_10\Lab_10\Debug\Lab_10.exe
       FinalizeBuildStatus:
         Файл "Debug\Lab_10.tlog\unsuccessfulbuild" удаляется.
         Обращение к "Debug\Lab_10.tlog\Lab_10.lastbuildstate".
     1>Сборка проекта "D:\studing\Конструирование_программного_обеспечения\Лабораторные_работы\Lab_10\Lab_10\Lab_10\Lab_10.vcxproj" завершена (целевые объекты Build).

Сборка успешно завершена.

       "D:\studing\Конструирование_программного_обеспечения\Лабораторные_работы\Lab_10\Lab_10\Lab_10\Lab_10.vcxproj" (целевой объект Build ) (1) ->
       (Целевой объект ClCompile) -> 
         D:\studing\Конструирование_программного_обеспечения\Лабораторные_работы\Lab_10\Lab_10\Lab_10\Varparm.h(37,21): warning C4244: +=: преобразование "double" в "float", возможна потеря данных
         D:\studing\Конструирование_программного_обеспечения\Лабораторные_работы\Lab_10\Lab_10\Lab_10\Varparm.h(47,13): warning C4244: инициализация: преобразование "double" в "float", возможна потеря данных
         D:\studing\Конструирование_программного_обеспечения\Лабораторные_работы\Lab_10\Lab_10\Lab_10\Varparm.h(50,21): warning C4244: +=: преобразование "double" в "float", возможна потеря данных
         D:\studing\Конструирование_программного_обеспечения\Лабораторные_работы\Lab_10\Lab_10\Lab_10\Varparm.cpp(6,1): warning C4326: возвращаемый тип "main" должен быть "int", а не "void"

    Предупреждений: 4
    Ошибок: 0

Прошло времени 00:00:03.01
