Сборка начата 23.05.2022 13:03:44.
Уровень детализации журнала: Normal.     1>Проект "D:\studing\Основы алгоритмизации и программирования\Лабораторные работы\Lab_14(n)\Lab_14\Var_3\Var_3.vcxproj" в узле 2 (целевые объекты Build).
     1>InitializeBuildStatus:
         Создание "Debug\Var_3.tlog\unsuccessfulbuild", так как было задано "AlwaysCreate".
       ClCompile:
         C:\Program Files (x86)\Microsoft Visual Studio\2019\Community\VC\Tools\MSVC\14.29.30133\bin\HostX86\x86\CL.exe /c /ZI /JMC /nologo /W3 /WX- /diagnostics:column /sdl /Od /Oy- /D WIN32 /D _DEBUG /D _CONSOLE /D _UNICODE /D UNICODE /Gm- /EHsc /RTC1 /MDd /GS /fp:precise /permissive- /Zc:wchar_t /Zc:forScope /Zc:inline /Fo"Debug\\" /Fd"Debug\vc142.pdb" /external:W3 /Gd /TP /analyze- /FC /errorReport:prompt Source.cpp
         Source.cpp
     1>D:\studing\Основы алгоритмизации и программирования\Лабораторные работы\Lab_14(n)\Lab_14\Var_3\Source.cpp(8,20): warning C4244: =: преобразование "double" в "int", возможна потеря данных
     1>D:\studing\Основы алгоритмизации и программирования\Лабораторные работы\Lab_14(n)\Lab_14\Var_3\Source.cpp(9,11): warning C4244: инициализация: преобразование "double" в "int", возможна потеря данных
       Link:
         C:\Program Files (x86)\Microsoft Visual Studio\2019\Community\VC\Tools\MSVC\14.29.30133\bin\HostX86\x86\link.exe /ERRORREPORT:PROMPT /OUT:"D:\studing\Основы алгоритмизации и программирования\Лабораторные работы\Lab_14(n)\Lab_14\Debug\Var_3.exe" /INCREMENTAL /ILK:"Debug\Var_3.ilk" /NOLOGO kernel32.lib user32.lib gdi32.lib winspool.lib comdlg32.lib advapi32.lib shell32.lib ole32.lib oleaut32.lib uuid.lib odbc32.lib odbccp32.lib /MANIFEST /MANIFESTUAC:"level='asInvoker' uiAccess='false'" /manifest:embed /DEBUG /PDB:"D:\studing\Основы алгоритмизации и программирования\Лабораторные работы\Lab_14(n)\Lab_14\Debug\Var_3.pdb" /SUBSYSTEM:CONSOLE /TLBID:1 /DYNAMICBASE /NXCOMPAT /IMPLIB:"D:\studing\Основы алгоритмизации и программирования\Лабораторные работы\Lab_14(n)\Lab_14\Debug\Var_3.lib" /MACHINE:X86 Debug\Hash.obj
         Debug\Source.obj
         Debug\Var_3.obj
         Var_3.vcxproj -> D:\studing\Основы алгоритмизации и программирования\Лабораторные работы\Lab_14(n)\Lab_14\Debug\Var_3.exe
       FinalizeBuildStatus:
         Файл "Debug\Var_3.tlog\unsuccessfulbuild" удаляется.
         Обращение к "Debug\Var_3.tlog\Var_3.lastbuildstate".
     1>Сборка проекта "D:\studing\Основы алгоритмизации и программирования\Лабораторные работы\Lab_14(n)\Lab_14\Var_3\Var_3.vcxproj" завершена (целевые объекты Build).

Сборка успешно завершена.

       "D:\studing\Основы алгоритмизации и программирования\Лабораторные работы\Lab_14(n)\Lab_14\Var_3\Var_3.vcxproj" (целевой объект Build ) (1) ->
       (Целевой объект ClCompile) -> 
         D:\studing\Основы алгоритмизации и программирования\Лабораторные работы\Lab_14(n)\Lab_14\Var_3\Source.cpp(8,20): warning C4244: =: преобразование "double" в "int", возможна потеря данных
         D:\studing\Основы алгоритмизации и программирования\Лабораторные работы\Lab_14(n)\Lab_14\Var_3\Source.cpp(9,11): warning C4244: инициализация: преобразование "double" в "int", возможна потеря данных

    Предупреждений: 2
    Ошибок: 0

Прошло времени 00:00:02.08
