Сборка начата 18.03.2022 18:36:00.
Уровень детализации журнала: Normal.     1>Проект "D:\studing\Конструирование программного обеспечения\Лабораторные работы\Lab_05(n)\Lab_05\Zad_2\Zad_2.vcxproj" в узле 2 (целевые объекты Build).
     1>InitializeBuildStatus:
         Создание "Debug\Zad_2.tlog\unsuccessfulbuild", так как было задано "AlwaysCreate".
       ClCompile:
         C:\Program Files (x86)\Microsoft Visual Studio\2019\Community\VC\Tools\MSVC\14.29.30133\bin\HostX86\x86\CL.exe /c /ZI /JMC /nologo /W3 /WX- /diagnostics:column /sdl /Od /Oy- /D WIN32 /D _DEBUG /D _CONSOLE /D _UNICODE /D UNICODE /Gm- /EHsc /RTC1 /MDd /GS /fp:precise /permissive- /Zc:wchar_t /Zc:forScope /Zc:inline /Fo"Debug\\" /Fd"Debug\vc142.pdb" /external:W3 /Gd /TP /analyze- /FC /errorReport:prompt Zad_2.cpp
         Zad_2.cpp
     1>D:\studing\Конструирование программного обеспечения\Лабораторные работы\Lab_05(n)\Lab_05\Zad_2\Zad_2.cpp(26,20): warning C4018: <: несоответствие типов со знаком и без знака
     1>D:\studing\Конструирование программного обеспечения\Лабораторные работы\Lab_05(n)\Lab_05\Zad_2\Zad_2.cpp(51,1): warning C4326: возвращаемый тип "main" должен быть "int", а не "void"
       Link:
         C:\Program Files (x86)\Microsoft Visual Studio\2019\Community\VC\Tools\MSVC\14.29.30133\bin\HostX86\x86\link.exe /ERRORREPORT:PROMPT /OUT:"D:\studing\Конструирование программного обеспечения\Лабораторные работы\Lab_05(n)\Lab_05\Debug\Zad_2.exe" /INCREMENTAL /ILK:"Debug\Zad_2.ilk" /NOLOGO kernel32.lib user32.lib gdi32.lib winspool.lib comdlg32.lib advapi32.lib shell32.lib ole32.lib oleaut32.lib uuid.lib odbc32.lib odbccp32.lib /MANIFEST /MANIFESTUAC:"level='asInvoker' uiAccess='false'" /manifest:embed /DEBUG /PDB:"D:\studing\Конструирование программного обеспечения\Лабораторные работы\Lab_05(n)\Lab_05\Debug\Zad_2.pdb" /SUBSYSTEM:CONSOLE /TLBID:1 /DYNAMICBASE /NXCOMPAT /IMPLIB:"D:\studing\Конструирование программного обеспечения\Лабораторные работы\Lab_05(n)\Lab_05\Debug\Zad_2.lib" /MACHINE:X86 Debug\Zad_2.obj
         Zad_2.vcxproj -> D:\studing\Конструирование программного обеспечения\Лабораторные работы\Lab_05(n)\Lab_05\Debug\Zad_2.exe
       FinalizeBuildStatus:
         Файл "Debug\Zad_2.tlog\unsuccessfulbuild" удаляется.
         Обращение к "Debug\Zad_2.tlog\Zad_2.lastbuildstate".
     1>Сборка проекта "D:\studing\Конструирование программного обеспечения\Лабораторные работы\Lab_05(n)\Lab_05\Zad_2\Zad_2.vcxproj" завершена (целевые объекты Build).

Сборка успешно завершена.

       "D:\studing\Конструирование программного обеспечения\Лабораторные работы\Lab_05(n)\Lab_05\Zad_2\Zad_2.vcxproj" (целевой объект Build ) (1) ->
       (Целевой объект ClCompile) -> 
         D:\studing\Конструирование программного обеспечения\Лабораторные работы\Lab_05(n)\Lab_05\Zad_2\Zad_2.cpp(26,20): warning C4018: <: несоответствие типов со знаком и без знака
         D:\studing\Конструирование программного обеспечения\Лабораторные работы\Lab_05(n)\Lab_05\Zad_2\Zad_2.cpp(51,1): warning C4326: возвращаемый тип "main" должен быть "int", а не "void"

    Предупреждений: 2
    Ошибок: 0

Прошло времени 00:00:01.18
